[08-Sep-2017 19:26:21 UTC] PHP Parse error:  syntax error, unexpected 'echo' (T_ECHO), expecting ',' or ';' in /home/ubuntu/workspace/Mart9712/practice/randomColor.php on line 14
[08-Sep-2017 19:39:27 UTC] PHP Parse error:  syntax error, unexpected ';' in /home/ubuntu/workspace/Mart9712/practice/randomColor.php on line 31
[08-Sep-2017 19:39:30 UTC] PHP Parse error:  syntax error, unexpected ';' in /home/ubuntu/workspace/Mart9712/practice/randomColor.php on line 31
[13-Sep-2017 19:10:26 UTC] PHP Parse error:  syntax error, unexpected '}', expecting ',' or ';' in /home/ubuntu/workspace/Mart9712/homework-2/index.php on line 18
[13-Sep-2017 19:27:22 UTC] PHP Warning:  fopen(names1.txt): failed to open stream: No such file or directory in /home/ubuntu/workspace/Mart9712/homework-2/index.php on line 14
[13-Sep-2017 19:27:22 UTC] PHP Stack trace:
[13-Sep-2017 19:27:22 UTC] PHP   1. {main}() /home/ubuntu/workspace/Mart9712/homework-2/index.php:0
[13-Sep-2017 19:27:22 UTC] PHP   2. fopen() /home/ubuntu/workspace/Mart9712/homework-2/index.php:14
[13-Sep-2017 19:35:33 UTC] PHP Fatal error:  Unsupported operand types in /home/ubuntu/workspace/Mart9712/homework-2/inc/functions.php on line 3
[13-Sep-2017 19:35:33 UTC] PHP Stack trace:
[13-Sep-2017 19:35:33 UTC] PHP   1. {main}() /home/ubuntu/workspace/Mart9712/homework-2/index.php:0
[13-Sep-2017 19:35:33 UTC] PHP   2. run() /home/ubuntu/workspace/Mart9712/homework-2/index.php:14
[13-Sep-2017 19:59:26 UTC] PHP Warning:  fopen(names/names1txt): failed to open stream: No such file or directory in /home/ubuntu/workspace/Mart9712/homework-2/inc/functions.php on line 26
[13-Sep-2017 19:59:26 UTC] PHP Stack trace:
[13-Sep-2017 19:59:26 UTC] PHP   1. {main}() /home/ubuntu/workspace/Mart9712/homework-2/index.php:0
[13-Sep-2017 19:59:26 UTC] PHP   2. run() /home/ubuntu/workspace/Mart9712/homework-2/index.php:14
[13-Sep-2017 19:59:26 UTC] PHP   3. createArrayFromFile() /home/ubuntu/workspace/Mart9712/homework-2/inc/functions.php:4
[13-Sep-2017 19:59:26 UTC] PHP   4. fopen() /home/ubuntu/workspace/Mart9712/homework-2/inc/functions.php:26
[13-Sep-2017 20:00:41 UTC] PHP Parse error:  syntax error, unexpected '.' in /home/ubuntu/workspace/Mart9712/homework-2/inc/functions.php on line 11
[13-Sep-2017 20:00:41 UTC] PHP Stack trace:
[13-Sep-2017 20:00:41 UTC] PHP   1. {main}() /home/ubuntu/workspace/Mart9712/homework-2/index.php:0
[15-Sep-2017 03:23:49 UTC] PHP Parse error:  syntax error, unexpected 'page' (T_STRING), expecting ',' or ';' in /home/ubuntu/workspace/Mart9712/homework-2/inc/functions.php on line 7
[15-Sep-2017 03:23:49 UTC] PHP Stack trace:
[15-Sep-2017 03:23:49 UTC] PHP   1. {main}() /home/ubuntu/workspace/Mart9712/homework-2/index.php:0
[15-Sep-2017 03:26:03 UTC] PHP Parse error:  syntax error, unexpected 'echo' (T_ECHO), expecting ',' or ';' in /home/ubuntu/workspace/Mart9712/homework-2/inc/functions.php on line 6
[15-Sep-2017 03:26:03 UTC] PHP Stack trace:
[15-Sep-2017 03:26:03 UTC] PHP   1. {main}() /home/ubuntu/workspace/Mart9712/homework-2/index.php:0
[15-Sep-2017 19:20:13 UTC] PHP Parse error:  syntax error, unexpected 'for' (T_FOR), expecting ',' or ';' in /home/ubuntu/workspace/Mart9712/homework-2/inc/functions.php on line 11
[15-Sep-2017 19:20:13 UTC] PHP Stack trace:
[15-Sep-2017 19:20:13 UTC] PHP   1. {main}() /home/ubuntu/workspace/Mart9712/homework-2/index.php:0
[20-Sep-2017 20:02:09 UTC] PHP Warning:  include(inc/functions.php): failed to open stream: No such file or directory in /home/ubuntu/workspace/Mart9712/lab-4/index.php on line 1
[20-Sep-2017 20:02:09 UTC] PHP Stack trace:
[20-Sep-2017 20:02:09 UTC] PHP   1. {main}() /home/ubuntu/workspace/Mart9712/lab-4/index.php:0
[20-Sep-2017 20:02:09 UTC] PHP Warning:  include(): Failed opening 'inc/functions.php' for inclusion (include_path='.:/usr/share/php:/usr/share/pear') in /home/ubuntu/workspace/Mart9712/lab-4/index.php on line 1
[20-Sep-2017 20:02:09 UTC] PHP Stack trace:
[20-Sep-2017 20:02:09 UTC] PHP   1. {main}() /home/ubuntu/workspace/Mart9712/lab-4/index.php:0
[20-Sep-2017 20:02:52 UTC] PHP Fatal error:  Cannot redeclare getImageURLs() (previously declared in /home/ubuntu/workspace/Mart9712/lab-4/api/pixabayAPI.php:4) in /home/ubuntu/workspace/Mart9712/lab-4/api/pixabayAPI.php on line 4
[20-Sep-2017 20:02:52 UTC] PHP Stack trace:
[20-Sep-2017 20:02:52 UTC] PHP   1. {main}() /home/ubuntu/workspace/Mart9712/lab-4/index.php:0
[20-Sep-2017 20:31:25 UTC] PHP Fatal error:  Cannot redeclare getImageURLs() (previously declared in /home/ubuntu/workspace/Mart9712/lab-4/api/pixabayAPI.php:4) in /home/ubuntu/workspace/Mart9712/lab-4/api/pixabayAPI.php on line 4
[20-Sep-2017 20:31:25 UTC] PHP Stack trace:
[20-Sep-2017 20:31:25 UTC] PHP   1. {main}() /home/ubuntu/workspace/Mart9712/lab-4/index.php:0
[20-Sep-2017 20:40:35 UTC] PHP Fatal error:  Cannot redeclare getImageURLs() (previously declared in /home/ubuntu/workspace/Mart9712/lab-4/api/pixabayAPI.php:4) in /home/ubuntu/workspace/Mart9712/lab-4/api/pixabayAPI.php on line 4
[20-Sep-2017 20:40:35 UTC] PHP Stack trace:
[20-Sep-2017 20:40:35 UTC] PHP   1. {main}() /home/ubuntu/workspace/Mart9712/lab-4/index.php:0
[20-Sep-2017 20:40:37 UTC] PHP Fatal error:  Cannot redeclare getImageURLs() (previously declared in /home/ubuntu/workspace/Mart9712/lab-4/api/pixabayAPI.php:4) in /home/ubuntu/workspace/Mart9712/lab-4/api/pixabayAPI.php on line 4
[20-Sep-2017 20:40:37 UTC] PHP Stack trace:
[20-Sep-2017 20:40:37 UTC] PHP   1. {main}() /home/ubuntu/workspace/Mart9712/lab-4/index.php:0
[20-Sep-2017 20:40:38 UTC] PHP Fatal error:  Cannot redeclare getImageURLs() (previously declared in /home/ubuntu/workspace/Mart9712/lab-4/api/pixabayAPI.php:4) in /home/ubuntu/workspace/Mart9712/lab-4/api/pixabayAPI.php on line 4
[20-Sep-2017 20:40:38 UTC] PHP Stack trace:
[20-Sep-2017 20:40:38 UTC] PHP   1. {main}() /home/ubuntu/workspace/Mart9712/lab-4/index.php:0
[20-Sep-2017 20:40:38 UTC] PHP Fatal error:  Cannot redeclare getImageURLs() (previously declared in /home/ubuntu/workspace/Mart9712/lab-4/api/pixabayAPI.php:4) in /home/ubuntu/workspace/Mart9712/lab-4/api/pixabayAPI.php on line 4
[20-Sep-2017 20:40:38 UTC] PHP Stack trace:
[20-Sep-2017 20:40:38 UTC] PHP   1. {main}() /home/ubuntu/workspace/Mart9712/lab-4/index.php:0
[22-Sep-2017 19:04:50 UTC] PHP Fatal error:  Cannot redeclare getImageURLs() (previously declared in /home/ubuntu/workspace/Mart9712/lab-4/api/pixabayAPI.php:4) in /home/ubuntu/workspace/Mart9712/lab-4/api/pixabayAPI.php on line 4
[22-Sep-2017 19:04:50 UTC] PHP Stack trace:
[22-Sep-2017 19:04:50 UTC] PHP   1. {main}() /home/ubuntu/workspace/Mart9712/lab-4/index.php:0
[22-Sep-2017 19:07:23 UTC] PHP Fatal error:  Cannot redeclare getImageURLs() (previously declared in /home/ubuntu/workspace/Mart9712/lab-4/api/pixabayAPI.php:4) in /home/ubuntu/workspace/Mart9712/lab-4/api/pixabayAPI.php on line 4
[22-Sep-2017 19:07:23 UTC] PHP Stack trace:
[22-Sep-2017 19:07:23 UTC] PHP   1. {main}() /home/ubuntu/workspace/Mart9712/lab-4/index.php:0
[22-Sep-2017 19:07:30 UTC] PHP Fatal error:  Cannot redeclare getImageURLs() (previously declared in /home/ubuntu/workspace/Mart9712/lab-4/api/pixabayAPI.php:4) in /home/ubuntu/workspace/Mart9712/lab-4/api/pixabayAPI.php on line 4
[22-Sep-2017 19:07:30 UTC] PHP Stack trace:
[22-Sep-2017 19:07:30 UTC] PHP   1. {main}() /home/ubuntu/workspace/Mart9712/lab-4/index.php:0
[22-Sep-2017 19:07:46 UTC] PHP Fatal error:  Cannot redeclare getImageURLs() (previously declared in /home/ubuntu/workspace/Mart9712/lab-4/api/pixabayAPI.php:4) in /home/ubuntu/workspace/Mart9712/lab-4/api/pixabayAPI.php on line 4
[22-Sep-2017 19:07:46 UTC] PHP Stack trace:
[22-Sep-2017 19:07:46 UTC] PHP   1. {main}() /home/ubuntu/workspace/Mart9712/lab-4/index.php:0
[22-Sep-2017 19:07:53 UTC] PHP Fatal error:  Cannot redeclare getImageURLs() (previously declared in /home/ubuntu/workspace/Mart9712/lab-4/api/pixabayAPI.php:4) in /home/ubuntu/workspace/Mart9712/lab-4/api/pixabayAPI.php on line 4
[22-Sep-2017 19:07:53 UTC] PHP Stack trace:
[22-Sep-2017 19:07:53 UTC] PHP   1. {main}() /home/ubuntu/workspace/Mart9712/lab-4/index.php:0
[22-Sep-2017 19:30:18 UTC] PHP Fatal error:  Maximum execution time of 300 seconds exceeded in /home/ubuntu/workspace/Mart9712/lab-4/index.php on line 37
[22-Sep-2017 19:30:18 UTC] PHP Stack trace:
[22-Sep-2017 19:30:18 UTC] PHP   1. {main}() /home/ubuntu/workspace/Mart9712/lab-4/index.php:0
[22-Sep-2017 19:39:14 UTC] PHP Parse error:  syntax error, unexpected end of file in /home/ubuntu/workspace/Mart9712/lab-4/index.php on line 101
[22-Sep-2017 19:39:16 UTC] PHP Parse error:  syntax error, unexpected end of file in /home/ubuntu/workspace/Mart9712/lab-4/index.php on line 101
[22-Sep-2017 19:39:38 UTC] PHP Parse error:  syntax error, unexpected end of file in /home/ubuntu/workspace/Mart9712/lab-4/index.php on line 101
[22-Sep-2017 19:39:39 UTC] PHP Parse error:  syntax error, unexpected end of file in /home/ubuntu/workspace/Mart9712/lab-4/index.php on line 101
[22-Sep-2017 19:41:33 UTC] PHP Parse error:  syntax error, unexpected end of file in /home/ubuntu/workspace/Mart9712/lab-4/index.php on line 101
[22-Sep-2017 19:55:56 UTC] PHP Parse error:  syntax error, unexpected end of file in /home/ubuntu/workspace/Mart9712/lab-4/index.php on line 105
[22-Sep-2017 20:19:17 UTC] PHP Fatal error:  Maximum execution time of 300 seconds exceeded in /home/ubuntu/workspace/Mart9712/lab-4/index.php on line 37
[22-Sep-2017 20:19:17 UTC] PHP Stack trace:
[22-Sep-2017 20:19:17 UTC] PHP   1. {main}() /home/ubuntu/workspace/Mart9712/lab-4/index.php:0
[22-Sep-2017 20:33:45 UTC] PHP Fatal error:  Maximum execution time of 300 seconds exceeded in /home/ubuntu/workspace/Mart9712/lab-4/index.php on line 37
[22-Sep-2017 20:33:46 UTC] PHP Stack trace:
[22-Sep-2017 20:33:46 UTC] PHP   1. {main}() /home/ubuntu/workspace/Mart9712/lab-4/index.php:0
[23-Sep-2017 06:37:51 UTC] PHP Fatal error:  Maximum execution time of 300 seconds exceeded in /home/ubuntu/workspace/Mart9712/lab-4/index.php on line 67
[23-Sep-2017 06:37:51 UTC] PHP Stack trace:
[23-Sep-2017 06:37:51 UTC] PHP   1. {main}() /home/ubuntu/workspace/Mart9712/lab-4/index.php:0
[23-Sep-2017 06:37:51 UTC] PHP   2. rand() /home/ubuntu/workspace/Mart9712/lab-4/index.php:67
[23-Sep-2017 06:45:56 UTC] PHP Fatal error:  Maximum execution time of 300 seconds exceeded in /home/ubuntu/workspace/Mart9712/lab-4/index.php on line 68
[23-Sep-2017 06:45:56 UTC] PHP Stack trace:
[23-Sep-2017 06:45:56 UTC] PHP   1. {main}() /home/ubuntu/workspace/Mart9712/lab-4/index.php:0
[23-Sep-2017 06:47:55 UTC] PHP Fatal error:  Maximum execution time of 300 seconds exceeded in /home/ubuntu/workspace/Mart9712/lab-4/index.php on line 68
[23-Sep-2017 06:47:55 UTC] PHP Stack trace:
[23-Sep-2017 06:47:55 UTC] PHP   1. {main}() /home/ubuntu/workspace/Mart9712/lab-4/index.php:0
[23-Sep-2017 06:50:17 UTC] PHP Fatal error:  Maximum execution time of 300 seconds exceeded in /home/ubuntu/workspace/Mart9712/lab-4/index.php on line 69
[23-Sep-2017 06:50:18 UTC] PHP Stack trace:
[23-Sep-2017 06:50:18 UTC] PHP   1. {main}() /home/ubuntu/workspace/Mart9712/lab-4/index.php:0
[23-Sep-2017 08:44:05 UTC] PHP Fatal error:  Maximum execution time of 300 seconds exceeded in /home/ubuntu/workspace/Mart9712/lab-4/index.php on line 69
[23-Sep-2017 08:44:05 UTC] PHP Stack trace:
[23-Sep-2017 08:44:05 UTC] PHP   1. {main}() /home/ubuntu/workspace/Mart9712/lab-4/index.php:0
[26-Sep-2017 23:13:47 UTC] PHP Fatal error:  Maximum execution time of 300 seconds exceeded in /home/ubuntu/workspace/Mart9712/lab-4/index.php on line 69
[26-Sep-2017 23:13:47 UTC] PHP Stack trace:
[26-Sep-2017 23:13:47 UTC] PHP   1. {main}() /home/ubuntu/workspace/Mart9712/lab-4/index.php:0
[27-Sep-2017 19:36:47 UTC] PHP Parse error:  syntax error, unexpected 'for' (T_FOR) in /home/ubuntu/workspace/Mart9712/practice/index.php on line 8
[27-Sep-2017 19:43:10 UTC] PHP Parse error:  syntax error, unexpected '==' (T_IS_EQUAL), expecting variable (T_VARIABLE) or '$' in /home/ubuntu/workspace/Mart9712/practice/index.php on line 9
[27-Sep-2017 19:43:16 UTC] PHP Parse error:  syntax error, unexpected '$' in /home/ubuntu/workspace/Mart9712/practice/index.php on line 9
[27-Sep-2017 19:49:32 UTC] PHP Parse error:  syntax error, unexpected end of file in /home/ubuntu/workspace/Mart9712/practice/index.php on line 26
[27-Sep-2017 19:49:51 UTC] PHP Parse error:  syntax error, unexpected end of file in /home/ubuntu/workspace/Mart9712/practice/index.php on line 26
