[29-Nov-2017 21:38:59 UTC] PHP Warning:  include(../../dbConnection.php): failed to open stream: No such file or directory in /home/ubuntu/workspace/Mart9712/labs/lab-9/api/getPetInfo.php on line 3
[29-Nov-2017 21:38:59 UTC] PHP Stack trace:
[29-Nov-2017 21:38:59 UTC] PHP   1. {main}() /home/ubuntu/workspace/Mart9712/labs/lab-9/api/getPetInfo.php:0
[29-Nov-2017 21:38:59 UTC] PHP Warning:  include(): Failed opening '../../dbConnection.php' for inclusion (include_path='.:/usr/share/php:/usr/share/pear') in /home/ubuntu/workspace/Mart9712/labs/lab-9/api/getPetInfo.php on line 3
[29-Nov-2017 21:38:59 UTC] PHP Stack trace:
[29-Nov-2017 21:38:59 UTC] PHP   1. {main}() /home/ubuntu/workspace/Mart9712/labs/lab-9/api/getPetInfo.php:0
[29-Nov-2017 21:38:59 UTC] PHP Fatal error:  Call to undefined function getDatabaseConnection() in /home/ubuntu/workspace/Mart9712/labs/lab-9/api/getPetInfo.php on line 4
[29-Nov-2017 21:38:59 UTC] PHP Stack trace:
[29-Nov-2017 21:38:59 UTC] PHP   1. {main}() /home/ubuntu/workspace/Mart9712/labs/lab-9/api/getPetInfo.php:0
[29-Nov-2017 21:39:02 UTC] PHP Warning:  include(../../dbConnection.php): failed to open stream: No such file or directory in /home/ubuntu/workspace/Mart9712/labs/lab-9/api/getPetInfo.php on line 3
[29-Nov-2017 21:39:02 UTC] PHP Stack trace:
[29-Nov-2017 21:39:02 UTC] PHP   1. {main}() /home/ubuntu/workspace/Mart9712/labs/lab-9/api/getPetInfo.php:0
[29-Nov-2017 21:39:02 UTC] PHP Warning:  include(): Failed opening '../../dbConnection.php' for inclusion (include_path='.:/usr/share/php:/usr/share/pear') in /home/ubuntu/workspace/Mart9712/labs/lab-9/api/getPetInfo.php on line 3
[29-Nov-2017 21:39:02 UTC] PHP Stack trace:
[29-Nov-2017 21:39:02 UTC] PHP   1. {main}() /home/ubuntu/workspace/Mart9712/labs/lab-9/api/getPetInfo.php:0
[29-Nov-2017 21:39:02 UTC] PHP Fatal error:  Call to undefined function getDatabaseConnection() in /home/ubuntu/workspace/Mart9712/labs/lab-9/api/getPetInfo.php on line 4
[29-Nov-2017 21:39:02 UTC] PHP Stack trace:
[29-Nov-2017 21:39:02 UTC] PHP   1. {main}() /home/ubuntu/workspace/Mart9712/labs/lab-9/api/getPetInfo.php:0
[29-Nov-2017 21:39:20 UTC] PHP Warning:  include(../../dbConnection.php): failed to open stream: No such file or directory in /home/ubuntu/workspace/Mart9712/labs/lab-9/api/getPetInfo.php on line 3
[29-Nov-2017 21:39:20 UTC] PHP Stack trace:
[29-Nov-2017 21:39:20 UTC] PHP   1. {main}() /home/ubuntu/workspace/Mart9712/labs/lab-9/api/getPetInfo.php:0
[29-Nov-2017 21:39:20 UTC] PHP Warning:  include(): Failed opening '../../dbConnection.php' for inclusion (include_path='.:/usr/share/php:/usr/share/pear') in /home/ubuntu/workspace/Mart9712/labs/lab-9/api/getPetInfo.php on line 3
[29-Nov-2017 21:39:20 UTC] PHP Stack trace:
[29-Nov-2017 21:39:20 UTC] PHP   1. {main}() /home/ubuntu/workspace/Mart9712/labs/lab-9/api/getPetInfo.php:0
[29-Nov-2017 21:39:20 UTC] PHP Fatal error:  Call to undefined function getDatabaseConnection() in /home/ubuntu/workspace/Mart9712/labs/lab-9/api/getPetInfo.php on line 4
[29-Nov-2017 21:39:20 UTC] PHP Stack trace:
[29-Nov-2017 21:39:20 UTC] PHP   1. {main}() /home/ubuntu/workspace/Mart9712/labs/lab-9/api/getPetInfo.php:0
[29-Nov-2017 21:40:21 UTC] PHP Warning:  include(../../dbConnection.php): failed to open stream: No such file or directory in /home/ubuntu/workspace/Mart9712/labs/lab-9/api/getPetInfo.php on line 3
[29-Nov-2017 21:40:21 UTC] PHP Stack trace:
[29-Nov-2017 21:40:21 UTC] PHP   1. {main}() /home/ubuntu/workspace/Mart9712/labs/lab-9/api/getPetInfo.php:0
[29-Nov-2017 21:40:21 UTC] PHP Warning:  include(): Failed opening '../../dbConnection.php' for inclusion (include_path='.:/usr/share/php:/usr/share/pear') in /home/ubuntu/workspace/Mart9712/labs/lab-9/api/getPetInfo.php on line 3
[29-Nov-2017 21:40:21 UTC] PHP Stack trace:
[29-Nov-2017 21:40:21 UTC] PHP   1. {main}() /home/ubuntu/workspace/Mart9712/labs/lab-9/api/getPetInfo.php:0
[29-Nov-2017 21:40:21 UTC] PHP Fatal error:  Call to undefined function getDatabaseConnection() in /home/ubuntu/workspace/Mart9712/labs/lab-9/api/getPetInfo.php on line 4
[29-Nov-2017 21:40:21 UTC] PHP Stack trace:
[29-Nov-2017 21:40:21 UTC] PHP   1. {main}() /home/ubuntu/workspace/Mart9712/labs/lab-9/api/getPetInfo.php:0
