[27-Sep-2017 20:53:50 UTC] PHP Fatal error:  Maximum execution time of 300 seconds exceeded in /home/ubuntu/workspace/Mart9712/labs/lab-4/index.php on line 71
[27-Sep-2017 20:53:50 UTC] PHP Stack trace:
[27-Sep-2017 20:53:50 UTC] PHP   1. {main}() /home/ubuntu/workspace/Mart9712/labs/lab-4/index.php:0
[27-Sep-2017 20:59:57 UTC] PHP Fatal error:  Maximum execution time of 300 seconds exceeded in /home/ubuntu/workspace/Mart9712/labs/lab-4/index.php on line 71
[27-Sep-2017 20:59:57 UTC] PHP Stack trace:
[27-Sep-2017 20:59:57 UTC] PHP   1. {main}() /home/ubuntu/workspace/Mart9712/labs/lab-4/index.php:0
[27-Sep-2017 21:03:43 UTC] PHP Fatal error:  Maximum execution time of 300 seconds exceeded in /home/ubuntu/workspace/Mart9712/labs/lab-4/index.php on line 71
[27-Sep-2017 21:03:43 UTC] PHP Stack trace:
[27-Sep-2017 21:03:43 UTC] PHP   1. {main}() /home/ubuntu/workspace/Mart9712/labs/lab-4/index.php:0
[27-Sep-2017 21:03:43 UTC] PHP   2. count() /home/ubuntu/workspace/Mart9712/labs/lab-4/index.php:71
[27-Sep-2017 21:07:02 UTC] PHP Fatal error:  Maximum execution time of 300 seconds exceeded in /home/ubuntu/workspace/Mart9712/labs/lab-4/index.php on line 71
[27-Sep-2017 21:07:02 UTC] PHP Stack trace:
[27-Sep-2017 21:07:02 UTC] PHP   1. {main}() /home/ubuntu/workspace/Mart9712/labs/lab-4/index.php:0
[29-Sep-2017 20:07:48 UTC] PHP Fatal error:  Call to undefined function getImageURLs() in /home/ubuntu/workspace/Mart9712/labs/lab-4/index.php on line 20
[29-Sep-2017 20:07:48 UTC] PHP Stack trace:
[29-Sep-2017 20:07:48 UTC] PHP   1. {main}() /home/ubuntu/workspace/Mart9712/labs/lab-4/index.php:0
[29-Sep-2017 20:07:48 UTC] PHP Fatal error:  Call to undefined function getImageURLs() in /home/ubuntu/workspace/Mart9712/labs/lab-4/index.php on line 20
[29-Sep-2017 20:07:48 UTC] PHP Stack trace:
[29-Sep-2017 20:07:48 UTC] PHP   1. {main}() /home/ubuntu/workspace/Mart9712/labs/lab-4/index.php:0
[01-Oct-2017 19:57:10 UTC] PHP Fatal error:  Call to undefined function getImageURLs() in /home/ubuntu/workspace/Mart9712/labs/lab-4/index.php on line 20
[01-Oct-2017 19:57:10 UTC] PHP Stack trace:
[01-Oct-2017 19:57:10 UTC] PHP   1. {main}() /home/ubuntu/workspace/Mart9712/labs/lab-4/index.php:0
[01-Oct-2017 20:13:13 UTC] PHP Fatal error:  Maximum execution time of 300 seconds exceeded in /home/ubuntu/workspace/Mart9712/labs/lab-4/index.php on line 84
[01-Oct-2017 20:13:13 UTC] PHP Stack trace:
[01-Oct-2017 20:13:13 UTC] PHP   1. {main}() /home/ubuntu/workspace/Mart9712/labs/lab-4/index.php:0
[01-Oct-2017 20:13:13 UTC] PHP   2. rand() /home/ubuntu/workspace/Mart9712/labs/lab-4/index.php:84
[01-Oct-2017 20:15:09 UTC] PHP Fatal error:  Maximum execution time of 300 seconds exceeded in /home/ubuntu/workspace/Mart9712/labs/lab-4/index.php on line 86
[01-Oct-2017 20:15:09 UTC] PHP Stack trace:
[01-Oct-2017 20:15:09 UTC] PHP   1. {main}() /home/ubuntu/workspace/Mart9712/labs/lab-4/index.php:0
[06-Oct-2017 20:41:36 UTC] PHP Fatal error:  Call to a member function execute() on a non-object in /home/ubuntu/workspace/Mart9712/labs/lab-5/practice.php on line 32
[06-Oct-2017 20:41:36 UTC] PHP Stack trace:
[06-Oct-2017 20:41:36 UTC] PHP   1. {main}() /home/ubuntu/workspace/Mart9712/labs/lab-5/practice.php:0
[06-Oct-2017 20:41:36 UTC] PHP   2. displayDevices() /home/ubuntu/workspace/Mart9712/labs/lab-5/practice.php:48
[11-Oct-2017 19:48:40 UTC] PHP Fatal error:  Call to undefined function getUsersAndDepartments() in /home/ubuntu/workspace/Mart9712/labs/lab-5/index.php on line 19
[11-Oct-2017 19:48:40 UTC] PHP Stack trace:
[11-Oct-2017 19:48:40 UTC] PHP   1. {main}() /home/ubuntu/workspace/Mart9712/labs/lab-5/index.php:0
[11-Oct-2017 19:50:49 UTC] PHP Fatal error:  Call to a member function execute() on a non-object in /home/ubuntu/workspace/Mart9712/labs/lab-5/index.php on line 13
[11-Oct-2017 19:50:49 UTC] PHP Stack trace:
[11-Oct-2017 19:50:49 UTC] PHP   1. {main}() /home/ubuntu/workspace/Mart9712/labs/lab-5/index.php:0
[11-Oct-2017 19:50:49 UTC] PHP   2. getUsersAndDepartments() /home/ubuntu/workspace/Mart9712/labs/lab-5/index.php:31
[11-Oct-2017 19:50:50 UTC] PHP Fatal error:  Call to a member function execute() on a non-object in /home/ubuntu/workspace/Mart9712/labs/lab-5/index.php on line 13
[11-Oct-2017 19:50:50 UTC] PHP Stack trace:
[11-Oct-2017 19:50:50 UTC] PHP   1. {main}() /home/ubuntu/workspace/Mart9712/labs/lab-5/index.php:0
[11-Oct-2017 19:50:50 UTC] PHP   2. getUsersAndDepartments() /home/ubuntu/workspace/Mart9712/labs/lab-5/index.php:31
[11-Oct-2017 19:51:11 UTC] PHP Fatal error:  Call to a member function execute() on a non-object in /home/ubuntu/workspace/Mart9712/labs/lab-5/index.php on line 13
[11-Oct-2017 19:51:11 UTC] PHP Stack trace:
[11-Oct-2017 19:51:11 UTC] PHP   1. {main}() /home/ubuntu/workspace/Mart9712/labs/lab-5/index.php:0
[11-Oct-2017 19:51:11 UTC] PHP   2. getUsersAndDepartments() /home/ubuntu/workspace/Mart9712/labs/lab-5/index.php:27
[11-Oct-2017 20:00:37 UTC] PHP Fatal error:  Call to undefined function getUsersAndDepartments() in /home/ubuntu/workspace/Mart9712/labs/lab-5/index.php on line 33
[11-Oct-2017 20:00:37 UTC] PHP Stack trace:
[11-Oct-2017 20:00:37 UTC] PHP   1. {main}() /home/ubuntu/workspace/Mart9712/labs/lab-5/index.php:0
[11-Oct-2017 20:00:38 UTC] PHP Fatal error:  Call to undefined function getUsersAndDepartments() in /home/ubuntu/workspace/Mart9712/labs/lab-5/index.php on line 33
[11-Oct-2017 20:00:38 UTC] PHP Stack trace:
[11-Oct-2017 20:00:38 UTC] PHP   1. {main}() /home/ubuntu/workspace/Mart9712/labs/lab-5/index.php:0
[11-Oct-2017 20:09:55 UTC] PHP Fatal error:  Uncaught exception 'PDOException' with message 'SQLSTATE[3D000]: Invalid catalog name: 1046 No database selected' in /home/ubuntu/workspace/Mart9712/labs/lab-5/index.php:21
Stack trace:
#0 /home/ubuntu/workspace/Mart9712/labs/lab-5/index.php(21): PDOStatement->execute()
#1 /home/ubuntu/workspace/Mart9712/labs/lab-5/index.php(39): getUsersAndDepartments()
#2 {main}
  thrown in /home/ubuntu/workspace/Mart9712/labs/lab-5/index.php on line 21
[11-Oct-2017 20:42:32 UTC] PHP Fatal error:  Call to undefined function getDeviceTypes() in /home/ubuntu/workspace/Mart9712/labs/lab-5/index.php on line 43
[11-Oct-2017 20:42:32 UTC] PHP Stack trace:
[11-Oct-2017 20:42:32 UTC] PHP   1. {main}() /home/ubuntu/workspace/Mart9712/labs/lab-5/index.php:0
[11-Oct-2017 20:43:00 UTC] PHP Fatal error:  Call to undefined function getDeviceTypes() in /home/ubuntu/workspace/Mart9712/labs/lab-5/index.php on line 44
[11-Oct-2017 20:43:00 UTC] PHP Stack trace:
[11-Oct-2017 20:43:00 UTC] PHP   1. {main}() /home/ubuntu/workspace/Mart9712/labs/lab-5/index.php:0
[11-Oct-2017 20:45:13 UTC] PHP Fatal error:  Call to a member function prepare() on a non-object in /home/ubuntu/workspace/Mart9712/labs/lab-5/index.php on line 37
[11-Oct-2017 20:45:13 UTC] PHP Stack trace:
[11-Oct-2017 20:45:13 UTC] PHP   1. {main}() /home/ubuntu/workspace/Mart9712/labs/lab-5/index.php:0
[11-Oct-2017 20:45:13 UTC] PHP   2. getDeviceTypes() /home/ubuntu/workspace/Mart9712/labs/lab-5/index.php:57
[11-Oct-2017 20:45:34 UTC] PHP Fatal error:  Call to a member function prepare() on a non-object in /home/ubuntu/workspace/Mart9712/labs/lab-5/index.php on line 38
[11-Oct-2017 20:45:34 UTC] PHP Stack trace:
[11-Oct-2017 20:45:34 UTC] PHP   1. {main}() /home/ubuntu/workspace/Mart9712/labs/lab-5/index.php:0
[11-Oct-2017 20:45:34 UTC] PHP   2. getDeviceTypes() /home/ubuntu/workspace/Mart9712/labs/lab-5/index.php:58
[11-Oct-2017 20:45:37 UTC] PHP Fatal error:  Call to a member function prepare() on a non-object in /home/ubuntu/workspace/Mart9712/labs/lab-5/index.php on line 38
[11-Oct-2017 20:45:37 UTC] PHP Stack trace:
[11-Oct-2017 20:45:37 UTC] PHP   1. {main}() /home/ubuntu/workspace/Mart9712/labs/lab-5/index.php:0
[11-Oct-2017 20:45:37 UTC] PHP   2. getDeviceTypes() /home/ubuntu/workspace/Mart9712/labs/lab-5/index.php:58
[11-Oct-2017 20:46:26 UTC] PHP Fatal error:  Call to a member function prepare() on a non-object in /home/ubuntu/workspace/Mart9712/labs/lab-5/index.php on line 38
[11-Oct-2017 20:46:26 UTC] PHP Stack trace:
[11-Oct-2017 20:46:26 UTC] PHP   1. {main}() /home/ubuntu/workspace/Mart9712/labs/lab-5/index.php:0
[11-Oct-2017 20:46:26 UTC] PHP   2. getDeviceTypes() /home/ubuntu/workspace/Mart9712/labs/lab-5/index.php:59
[11-Oct-2017 20:46:54 UTC] PHP Warning:  include(../../dbConnection.php): failed to open stream: No such file or directory in /home/ubuntu/workspace/Mart9712/labs/lab-5/index.php on line 2
[11-Oct-2017 20:46:54 UTC] PHP Stack trace:
[11-Oct-2017 20:46:54 UTC] PHP   1. {main}() /home/ubuntu/workspace/Mart9712/labs/lab-5/index.php:0
[11-Oct-2017 20:46:54 UTC] PHP Warning:  include(): Failed opening '../../dbConnection.php' for inclusion (include_path='.:/usr/share/php:/usr/share/pear') in /home/ubuntu/workspace/Mart9712/labs/lab-5/index.php on line 2
[11-Oct-2017 20:46:54 UTC] PHP Stack trace:
[11-Oct-2017 20:46:54 UTC] PHP   1. {main}() /home/ubuntu/workspace/Mart9712/labs/lab-5/index.php:0
[11-Oct-2017 20:46:54 UTC] PHP Fatal error:  Call to undefined function getDatabaseConnection() in /home/ubuntu/workspace/Mart9712/labs/lab-5/index.php on line 3
[11-Oct-2017 20:46:54 UTC] PHP Stack trace:
[11-Oct-2017 20:46:54 UTC] PHP   1. {main}() /home/ubuntu/workspace/Mart9712/labs/lab-5/index.php:0
[11-Oct-2017 20:48:09 UTC] PHP Fatal error:  Call to a member function prepare() on a non-object in /home/ubuntu/workspace/Mart9712/labs/lab-5/index.php on line 38
[11-Oct-2017 20:48:09 UTC] PHP Stack trace:
[11-Oct-2017 20:48:09 UTC] PHP   1. {main}() /home/ubuntu/workspace/Mart9712/labs/lab-5/index.php:0
[11-Oct-2017 20:48:09 UTC] PHP   2. getDeviceTypes() /home/ubuntu/workspace/Mart9712/labs/lab-5/index.php:59
[11-Oct-2017 20:48:59 UTC] PHP Fatal error:  Call to a member function prepare() on a non-object in /home/ubuntu/workspace/Mart9712/labs/lab-5/index.php on line 38
[11-Oct-2017 20:48:59 UTC] PHP Stack trace:
[11-Oct-2017 20:48:59 UTC] PHP   1. {main}() /home/ubuntu/workspace/Mart9712/labs/lab-5/index.php:0
[11-Oct-2017 20:48:59 UTC] PHP   2. getDeviceTypes() /home/ubuntu/workspace/Mart9712/labs/lab-5/index.php:59
[11-Oct-2017 20:49:00 UTC] PHP Fatal error:  Call to a member function prepare() on a non-object in /home/ubuntu/workspace/Mart9712/labs/lab-5/index.php on line 38
[11-Oct-2017 20:49:00 UTC] PHP Stack trace:
[11-Oct-2017 20:49:00 UTC] PHP   1. {main}() /home/ubuntu/workspace/Mart9712/labs/lab-5/index.php:0
[11-Oct-2017 20:49:00 UTC] PHP   2. getDeviceTypes() /home/ubuntu/workspace/Mart9712/labs/lab-5/index.php:59
[11-Oct-2017 20:50:16 UTC] PHP Fatal error:  Call to a member function prepare() on a non-object in /home/ubuntu/workspace/Mart9712/labs/lab-5/index.php on line 38
[11-Oct-2017 20:50:16 UTC] PHP Stack trace:
[11-Oct-2017 20:50:16 UTC] PHP   1. {main}() /home/ubuntu/workspace/Mart9712/labs/lab-5/index.php:0
[11-Oct-2017 20:50:16 UTC] PHP   2. getDeviceTypes() /home/ubuntu/workspace/Mart9712/labs/lab-5/index.php:59
[11-Oct-2017 20:50:26 UTC] PHP Fatal error:  Call to a member function prepare() on a non-object in /home/ubuntu/workspace/Mart9712/labs/lab-5/index.php on line 38
[11-Oct-2017 20:50:26 UTC] PHP Stack trace:
[11-Oct-2017 20:50:26 UTC] PHP   1. {main}() /home/ubuntu/workspace/Mart9712/labs/lab-5/index.php:0
[11-Oct-2017 20:50:26 UTC] PHP   2. getDeviceTypes() /home/ubuntu/workspace/Mart9712/labs/lab-5/index.php:60
[13-Oct-2017 19:07:42 UTC] PHP Fatal error:  Call to a member function prepare() on a non-object in /home/ubuntu/workspace/Mart9712/labs/lab-5/index.php on line 38
[13-Oct-2017 19:07:42 UTC] PHP Stack trace:
[13-Oct-2017 19:07:42 UTC] PHP   1. {main}() /home/ubuntu/workspace/Mart9712/labs/lab-5/index.php:0
[13-Oct-2017 19:07:42 UTC] PHP   2. getDeviceTypes() /home/ubuntu/workspace/Mart9712/labs/lab-5/index.php:59
[13-Oct-2017 19:08:38 UTC] PHP Fatal error:  Call to a member function prepare() on a non-object in /home/ubuntu/workspace/Mart9712/labs/lab-5/index.php on line 38
[13-Oct-2017 19:08:38 UTC] PHP Stack trace:
[13-Oct-2017 19:08:38 UTC] PHP   1. {main}() /home/ubuntu/workspace/Mart9712/labs/lab-5/index.php:0
[13-Oct-2017 19:08:38 UTC] PHP   2. getDeviceTypes() /home/ubuntu/workspace/Mart9712/labs/lab-5/index.php:60
[13-Oct-2017 19:09:44 UTC] PHP Fatal error:  Call to a member function prepare() on a non-object in /home/ubuntu/workspace/Mart9712/labs/lab-5/index.php on line 38
[13-Oct-2017 19:09:44 UTC] PHP Stack trace:
[13-Oct-2017 19:09:44 UTC] PHP   1. {main}() /home/ubuntu/workspace/Mart9712/labs/lab-5/index.php:0
[13-Oct-2017 19:09:44 UTC] PHP   2. getDeviceTypes() /home/ubuntu/workspace/Mart9712/labs/lab-5/index.php:63
[13-Oct-2017 19:11:48 UTC] PHP Fatal error:  Call to a member function prepare() on a non-object in /home/ubuntu/workspace/Mart9712/labs/lab-5/index.php on line 38
[13-Oct-2017 19:11:48 UTC] PHP Stack trace:
[13-Oct-2017 19:11:48 UTC] PHP   1. {main}() /home/ubuntu/workspace/Mart9712/labs/lab-5/index.php:0
[13-Oct-2017 19:11:48 UTC] PHP   2. getDeviceTypes() /home/ubuntu/workspace/Mart9712/labs/lab-5/index.php:72
[13-Oct-2017 19:13:00 UTC] PHP Fatal error:  Call to a member function prepare() on a non-object in /home/ubuntu/workspace/Mart9712/labs/lab-5/index.php on line 38
[13-Oct-2017 19:13:00 UTC] PHP Stack trace:
[13-Oct-2017 19:13:00 UTC] PHP   1. {main}() /home/ubuntu/workspace/Mart9712/labs/lab-5/index.php:0
[13-Oct-2017 19:13:00 UTC] PHP   2. getDeviceTypes() /home/ubuntu/workspace/Mart9712/labs/lab-5/index.php:72
[13-Oct-2017 19:13:01 UTC] PHP Fatal error:  Call to a member function prepare() on a non-object in /home/ubuntu/workspace/Mart9712/labs/lab-5/index.php on line 38
[13-Oct-2017 19:13:01 UTC] PHP Stack trace:
[13-Oct-2017 19:13:01 UTC] PHP   1. {main}() /home/ubuntu/workspace/Mart9712/labs/lab-5/index.php:0
[13-Oct-2017 19:13:01 UTC] PHP   2. getDeviceTypes() /home/ubuntu/workspace/Mart9712/labs/lab-5/index.php:72
[13-Oct-2017 19:13:01 UTC] PHP Fatal error:  Call to a member function prepare() on a non-object in /home/ubuntu/workspace/Mart9712/labs/lab-5/index.php on line 38
[13-Oct-2017 19:13:01 UTC] PHP Stack trace:
[13-Oct-2017 19:13:01 UTC] PHP   1. {main}() /home/ubuntu/workspace/Mart9712/labs/lab-5/index.php:0
[13-Oct-2017 19:13:01 UTC] PHP   2. getDeviceTypes() /home/ubuntu/workspace/Mart9712/labs/lab-5/index.php:72
[13-Oct-2017 19:13:01 UTC] PHP Fatal error:  Call to a member function prepare() on a non-object in /home/ubuntu/workspace/Mart9712/labs/lab-5/index.php on line 38
[13-Oct-2017 19:13:01 UTC] PHP Stack trace:
[13-Oct-2017 19:13:01 UTC] PHP   1. {main}() /home/ubuntu/workspace/Mart9712/labs/lab-5/index.php:0
[13-Oct-2017 19:13:01 UTC] PHP   2. getDeviceTypes() /home/ubuntu/workspace/Mart9712/labs/lab-5/index.php:72
[13-Oct-2017 19:13:01 UTC] PHP Fatal error:  Call to a member function prepare() on a non-object in /home/ubuntu/workspace/Mart9712/labs/lab-5/index.php on line 38
[13-Oct-2017 19:13:01 UTC] PHP Stack trace:
[13-Oct-2017 19:13:01 UTC] PHP   1. {main}() /home/ubuntu/workspace/Mart9712/labs/lab-5/index.php:0
[13-Oct-2017 19:13:01 UTC] PHP   2. getDeviceTypes() /home/ubuntu/workspace/Mart9712/labs/lab-5/index.php:72
[13-Oct-2017 19:13:52 UTC] PHP Fatal error:  Call to a member function prepare() on a non-object in /home/ubuntu/workspace/Mart9712/labs/lab-5/index.php on line 38
[13-Oct-2017 19:13:52 UTC] PHP Stack trace:
[13-Oct-2017 19:13:52 UTC] PHP   1. {main}() /home/ubuntu/workspace/Mart9712/labs/lab-5/index.php:0
[13-Oct-2017 19:13:52 UTC] PHP   2. getDeviceTypes() /home/ubuntu/workspace/Mart9712/labs/lab-5/index.php:73
[13-Oct-2017 19:13:53 UTC] PHP Fatal error:  Call to a member function prepare() on a non-object in /home/ubuntu/workspace/Mart9712/labs/lab-5/index.php on line 38
[13-Oct-2017 19:13:53 UTC] PHP Stack trace:
[13-Oct-2017 19:13:53 UTC] PHP   1. {main}() /home/ubuntu/workspace/Mart9712/labs/lab-5/index.php:0
[13-Oct-2017 19:13:53 UTC] PHP   2. getDeviceTypes() /home/ubuntu/workspace/Mart9712/labs/lab-5/index.php:73
[13-Oct-2017 19:14:16 UTC] PHP Fatal error:  Call to a member function prepare() on a non-object in /home/ubuntu/workspace/Mart9712/labs/lab-5/index.php on line 38
[13-Oct-2017 19:14:16 UTC] PHP Stack trace:
[13-Oct-2017 19:14:16 UTC] PHP   1. {main}() /home/ubuntu/workspace/Mart9712/labs/lab-5/index.php:0
[13-Oct-2017 19:14:16 UTC] PHP   2. getDeviceTypes() /home/ubuntu/workspace/Mart9712/labs/lab-5/index.php:73
[13-Oct-2017 19:15:20 UTC] PHP Fatal error:  Call to a member function prepare() on a non-object in /home/ubuntu/workspace/Mart9712/labs/lab-5/index.php on line 38
[13-Oct-2017 19:15:20 UTC] PHP Stack trace:
[13-Oct-2017 19:15:20 UTC] PHP   1. {main}() /home/ubuntu/workspace/Mart9712/labs/lab-5/index.php:0
[13-Oct-2017 19:15:20 UTC] PHP   2. getDeviceTypes() /home/ubuntu/workspace/Mart9712/labs/lab-5/index.php:74
[13-Oct-2017 19:25:35 UTC] PHP Fatal error:  Uncaught exception 'PDOException' with message 'SQLSTATE[42000]: Syntax error or access violation: 1064 You have an error in your SQL syntax; check the manual that corresponds to your MySQL server version for the right syntax to use near 'deviceName LIKE '%%'AND deviceType = Select One' at line 1' in /home/ubuntu/workspace/Mart9712/labs/lab-5/index.php:67
Stack trace:
#0 /home/ubuntu/workspace/Mart9712/labs/lab-5/index.php(67): PDOStatement->execute()
#1 /home/ubuntu/workspace/Mart9712/labs/lab-5/index.php(97): displayAllDevices()
#2 {main}
  thrown in /home/ubuntu/workspace/Mart9712/labs/lab-5/index.php on line 67
[13-Oct-2017 19:26:14 UTC] PHP Fatal error:  Uncaught exception 'PDOException' with message 'SQLSTATE[42000]: Syntax error or access violation: 1064 You have an error in your SQL syntax; check the manual that corresponds to your MySQL server version for the right syntax to use near 'deviceName LIKE '%%'AND deviceType = Dynamic Mics' at line 1' in /home/ubuntu/workspace/Mart9712/labs/lab-5/index.php:67
Stack trace:
#0 /home/ubuntu/workspace/Mart9712/labs/lab-5/index.php(67): PDOStatement->execute()
#1 /home/ubuntu/workspace/Mart9712/labs/lab-5/index.php(97): displayAllDevices()
#2 {main}
  thrown in /home/ubuntu/workspace/Mart9712/labs/lab-5/index.php on line 67
[13-Oct-2017 19:26:38 UTC] PHP Fatal error:  Uncaught exception 'PDOException' with message 'SQLSTATE[42000]: Syntax error or access violation: 1064 You have an error in your SQL syntax; check the manual that corresponds to your MySQL server version for the right syntax to use near 'deviceName LIKE '%%'AND deviceType = Select One' at line 1' in /home/ubuntu/workspace/Mart9712/labs/lab-5/index.php:67
Stack trace:
#0 /home/ubuntu/workspace/Mart9712/labs/lab-5/index.php(67): PDOStatement->execute()
#1 /home/ubuntu/workspace/Mart9712/labs/lab-5/index.php(97): displayAllDevices()
#2 {main}
  thrown in /home/ubuntu/workspace/Mart9712/labs/lab-5/index.php on line 67
[13-Oct-2017 19:28:23 UTC] PHP Parse error:  syntax error, unexpected '$sql' (T_VARIABLE), expecting ',' or ';' in /home/ubuntu/workspace/Mart9712/labs/lab-5/index.php on line 55
[13-Oct-2017 19:35:42 UTC] PHP Fatal error:  Uncaught exception 'PDOException' with message 'SQLSTATE[HY093]: Invalid parameter number: no parameters were bound' in /home/ubuntu/workspace/Mart9712/labs/lab-5/index.php:75
Stack trace:
#0 /home/ubuntu/workspace/Mart9712/labs/lab-5/index.php(75): PDOStatement->execute(NULL)
#1 /home/ubuntu/workspace/Mart9712/labs/lab-5/index.php(105): displayAllDevices()
#2 {main}
  thrown in /home/ubuntu/workspace/Mart9712/labs/lab-5/index.php on line 75
[13-Oct-2017 19:36:01 UTC] PHP Fatal error:  Uncaught exception 'PDOException' with message 'SQLSTATE[HY093]: Invalid parameter number: no parameters were bound' in /home/ubuntu/workspace/Mart9712/labs/lab-5/index.php:75
Stack trace:
#0 /home/ubuntu/workspace/Mart9712/labs/lab-5/index.php(75): PDOStatement->execute(NULL)
#1 /home/ubuntu/workspace/Mart9712/labs/lab-5/index.php(105): displayAllDevices()
#2 {main}
  thrown in /home/ubuntu/workspace/Mart9712/labs/lab-5/index.php on line 75
[13-Oct-2017 19:36:23 UTC] PHP Fatal error:  Uncaught exception 'PDOException' with message 'SQLSTATE[HY093]: Invalid parameter number: no parameters were bound' in /home/ubuntu/workspace/Mart9712/labs/lab-5/index.php:75
Stack trace:
#0 /home/ubuntu/workspace/Mart9712/labs/lab-5/index.php(75): PDOStatement->execute(Array)
#1 /home/ubuntu/workspace/Mart9712/labs/lab-5/index.php(105): displayAllDevices()
#2 {main}
  thrown in /home/ubuntu/workspace/Mart9712/labs/lab-5/index.php on line 75
[13-Oct-2017 20:22:59 UTC] PHP Parse error:  syntax error, unexpected '}', expecting ',' or ';' in /home/ubuntu/workspace/Mart9712/labs/lab-5/functions.php on line 103
[13-Oct-2017 20:22:59 UTC] PHP Stack trace:
[13-Oct-2017 20:22:59 UTC] PHP   1. {main}() /home/ubuntu/workspace/Mart9712/labs/lab-5/index.php:0
[14-Oct-2017 07:31:05 UTC] PHP Parse error:  syntax error, unexpected '}', expecting ',' or ';' in /home/ubuntu/workspace/Mart9712/labs/lab-5/functions.php on line 50
[14-Oct-2017 07:31:05 UTC] PHP Stack trace:
[14-Oct-2017 07:31:05 UTC] PHP   1. {main}() /home/ubuntu/workspace/Mart9712/labs/lab-5/index.php:0
[14-Oct-2017 07:37:28 UTC] PHP Catchable fatal error:  Object of class PDOStatement could not be converted to string in /home/ubuntu/workspace/Mart9712/labs/lab-5/functions.php on line 61
[14-Oct-2017 07:37:28 UTC] PHP Stack trace:
[14-Oct-2017 07:37:28 UTC] PHP   1. {main}() /home/ubuntu/workspace/Mart9712/labs/lab-5/index.php:0
[14-Oct-2017 07:37:28 UTC] PHP   2. displayAllDevices() /home/ubuntu/workspace/Mart9712/labs/lab-5/index.php:34
[14-Oct-2017 07:38:50 UTC] PHP Fatal error:  Uncaught exception 'PDOException' with message 'SQLSTATE[HY093]: Invalid parameter number: number of bound variables does not match number of tokens' in /home/ubuntu/workspace/Mart9712/labs/lab-5/functions.php:61
Stack trace:
#0 /home/ubuntu/workspace/Mart9712/labs/lab-5/functions.php(61): PDOStatement->execute(Array)
#1 /home/ubuntu/workspace/Mart9712/labs/lab-5/index.php(34): displayAllDevices()
#2 {main}
  thrown in /home/ubuntu/workspace/Mart9712/labs/lab-5/functions.php on line 61
[14-Oct-2017 07:45:37 UTC] PHP Fatal error:  Uncaught exception 'PDOException' with message 'SQLSTATE[HY093]: Invalid parameter number: number of bound variables does not match number of tokens' in /home/ubuntu/workspace/Mart9712/labs/lab-5/functions.php:60
Stack trace:
#0 /home/ubuntu/workspace/Mart9712/labs/lab-5/functions.php(60): PDOStatement->execute(Array)
#1 /home/ubuntu/workspace/Mart9712/labs/lab-5/index.php(34): displayAllDevices()
#2 {main}
  thrown in /home/ubuntu/workspace/Mart9712/labs/lab-5/functions.php on line 60
[14-Oct-2017 07:50:40 UTC] PHP Fatal error:  Call to undefined function displayAllDevices() in /home/ubuntu/workspace/Mart9712/labs/lab-5/index.php on line 166
[14-Oct-2017 07:50:40 UTC] PHP Stack trace:
[14-Oct-2017 07:50:40 UTC] PHP   1. {main}() /home/ubuntu/workspace/Mart9712/labs/lab-5/index.php:0
[14-Oct-2017 07:50:47 UTC] PHP Fatal error:  Call to undefined function displayAllDevices() in /home/ubuntu/workspace/Mart9712/labs/lab-5/index.php on line 166
[14-Oct-2017 07:50:47 UTC] PHP Stack trace:
[14-Oct-2017 07:50:47 UTC] PHP   1. {main}() /home/ubuntu/workspace/Mart9712/labs/lab-5/index.php:0
[14-Oct-2017 07:55:39 UTC] PHP Fatal error:  Call to undefined function displayAllDevices() in /home/ubuntu/workspace/Mart9712/labs/lab-5/index.php on line 167
[14-Oct-2017 07:55:39 UTC] PHP Stack trace:
[14-Oct-2017 07:55:39 UTC] PHP   1. {main}() /home/ubuntu/workspace/Mart9712/labs/lab-5/index.php:0
[14-Oct-2017 07:55:41 UTC] PHP Fatal error:  Call to undefined function displayAllDevices() in /home/ubuntu/workspace/Mart9712/labs/lab-5/index.php on line 167
[14-Oct-2017 07:55:41 UTC] PHP Stack trace:
[14-Oct-2017 07:55:41 UTC] PHP   1. {main}() /home/ubuntu/workspace/Mart9712/labs/lab-5/index.php:0
[14-Oct-2017 07:55:43 UTC] PHP Fatal error:  Call to undefined function displayAllDevices() in /home/ubuntu/workspace/Mart9712/labs/lab-5/index.php on line 167
[14-Oct-2017 07:55:43 UTC] PHP Stack trace:
[14-Oct-2017 07:55:43 UTC] PHP   1. {main}() /home/ubuntu/workspace/Mart9712/labs/lab-5/index.php:0
[14-Oct-2017 07:55:44 UTC] PHP Fatal error:  Call to undefined function displayAllDevices() in /home/ubuntu/workspace/Mart9712/labs/lab-5/index.php on line 167
[14-Oct-2017 07:55:44 UTC] PHP Stack trace:
[14-Oct-2017 07:55:44 UTC] PHP   1. {main}() /home/ubuntu/workspace/Mart9712/labs/lab-5/index.php:0
[14-Oct-2017 07:55:46 UTC] PHP Fatal error:  Call to undefined function displayAllDevices() in /home/ubuntu/workspace/Mart9712/labs/lab-5/index.php on line 167
[14-Oct-2017 07:55:46 UTC] PHP Stack trace:
[14-Oct-2017 07:55:46 UTC] PHP   1. {main}() /home/ubuntu/workspace/Mart9712/labs/lab-5/index.php:0
[14-Oct-2017 07:55:50 UTC] PHP Fatal error:  Call to undefined function displayAllDevices() in /home/ubuntu/workspace/Mart9712/labs/lab-5/index.php on line 167
[14-Oct-2017 07:55:50 UTC] PHP Stack trace:
[14-Oct-2017 07:55:50 UTC] PHP   1. {main}() /home/ubuntu/workspace/Mart9712/labs/lab-5/index.php:0
[14-Oct-2017 07:58:41 UTC] PHP Fatal error:  Call to undefined function displayAllDevices() in /home/ubuntu/workspace/Mart9712/labs/lab-5/index.php on line 167
[14-Oct-2017 07:58:41 UTC] PHP Stack trace:
[14-Oct-2017 07:58:41 UTC] PHP   1. {main}() /home/ubuntu/workspace/Mart9712/labs/lab-5/index.php:0
[14-Oct-2017 07:58:43 UTC] PHP Fatal error:  Call to undefined function displayAllDevices() in /home/ubuntu/workspace/Mart9712/labs/lab-5/index.php on line 167
[14-Oct-2017 07:58:43 UTC] PHP Stack trace:
[14-Oct-2017 07:58:43 UTC] PHP   1. {main}() /home/ubuntu/workspace/Mart9712/labs/lab-5/index.php:0
[14-Oct-2017 07:59:39 UTC] PHP Fatal error:  Uncaught exception 'PDOException' with message 'SQLSTATE[42000]: Syntax error or access violation: 1064 You have an error in your SQL syntax; check the manual that corresponds to your MySQL server version for the right syntax to use near ''tc_device' WHERE 1  AND deviceName LIKE '%r%' AND deviceType = 'Select One'' at line 1' in /home/ubuntu/workspace/Mart9712/labs/lab-5/index.php:72
Stack trace:
#0 /home/ubuntu/workspace/Mart9712/labs/lab-5/index.php(72): PDOStatement->execute(Array)
#1 /home/ubuntu/workspace/Mart9712/labs/lab-5/index.php(121): displayDevices()
#2 {main}
  thrown in /home/ubuntu/workspace/Mart9712/labs/lab-5/index.php on line 72
[14-Oct-2017 08:00:05 UTC] PHP Fatal error:  Uncaught exception 'PDOException' with message 'SQLSTATE[42000]: Syntax error or access violation: 1064 You have an error in your SQL syntax; check the manual that corresponds to your MySQL server version for the right syntax to use near '%r% AND deviceType = 'Select One'' at line 1' in /home/ubuntu/workspace/Mart9712/labs/lab-5/index.php:72
Stack trace:
#0 /home/ubuntu/workspace/Mart9712/labs/lab-5/index.php(72): PDOStatement->execute(Array)
#1 /home/ubuntu/workspace/Mart9712/labs/lab-5/index.php(121): displayDevices()
#2 {main}
  thrown in /home/ubuntu/workspace/Mart9712/labs/lab-5/index.php on line 72
[14-Oct-2017 08:00:12 UTC] PHP Fatal error:  Call to undefined function displayAllDevices() in /home/ubuntu/workspace/Mart9712/labs/lab-5/index.php on line 167
[14-Oct-2017 08:00:12 UTC] PHP Stack trace:
[14-Oct-2017 08:00:12 UTC] PHP   1. {main}() /home/ubuntu/workspace/Mart9712/labs/lab-5/index.php:0
[14-Oct-2017 08:00:30 UTC] PHP Fatal error:  Call to undefined function displayAllDevices() in /home/ubuntu/workspace/Mart9712/labs/lab-5/index.php on line 167
[14-Oct-2017 08:00:30 UTC] PHP Stack trace:
[14-Oct-2017 08:00:30 UTC] PHP   1. {main}() /home/ubuntu/workspace/Mart9712/labs/lab-5/index.php:0
[14-Oct-2017 08:01:30 UTC] PHP Fatal error:  Call to undefined function displayAllDevices() in /home/ubuntu/workspace/Mart9712/labs/lab-5/index.php on line 167
[14-Oct-2017 08:01:30 UTC] PHP Stack trace:
[14-Oct-2017 08:01:30 UTC] PHP   1. {main}() /home/ubuntu/workspace/Mart9712/labs/lab-5/index.php:0
[14-Oct-2017 08:01:51 UTC] PHP Fatal error:  Call to undefined function displayAllDevices() in /home/ubuntu/workspace/Mart9712/labs/lab-5/index.php on line 167
[14-Oct-2017 08:01:51 UTC] PHP Stack trace:
[14-Oct-2017 08:01:51 UTC] PHP   1. {main}() /home/ubuntu/workspace/Mart9712/labs/lab-5/index.php:0
[14-Oct-2017 08:02:00 UTC] PHP Fatal error:  Call to undefined function displayAllDevices() in /home/ubuntu/workspace/Mart9712/labs/lab-5/index.php on line 167
[14-Oct-2017 08:02:00 UTC] PHP Stack trace:
[14-Oct-2017 08:02:00 UTC] PHP   1. {main}() /home/ubuntu/workspace/Mart9712/labs/lab-5/index.php:0
[14-Oct-2017 08:03:26 UTC] PHP Fatal error:  Call to undefined function displayAllDevices() in /home/ubuntu/workspace/Mart9712/labs/lab-5/index.php on line 167
[14-Oct-2017 08:03:26 UTC] PHP Stack trace:
[14-Oct-2017 08:03:26 UTC] PHP   1. {main}() /home/ubuntu/workspace/Mart9712/labs/lab-5/index.php:0
[14-Oct-2017 08:03:42 UTC] PHP Fatal error:  Call to undefined function displayAllDevices() in /home/ubuntu/workspace/Mart9712/labs/lab-5/index.php on line 167
[14-Oct-2017 08:03:42 UTC] PHP Stack trace:
[14-Oct-2017 08:03:42 UTC] PHP   1. {main}() /home/ubuntu/workspace/Mart9712/labs/lab-5/index.php:0
[14-Oct-2017 08:10:43 UTC] PHP Fatal error:  Uncaught exception 'PDOException' with message 'SQLSTATE[42S22]: Column not found: 1054 Unknown column 'name' in 'order clause'' in /home/ubuntu/workspace/Mart9712/labs/lab-5/functions.php:63
Stack trace:
#0 /home/ubuntu/workspace/Mart9712/labs/lab-5/functions.php(63): PDOStatement->execute(Array)
#1 /home/ubuntu/workspace/Mart9712/labs/lab-5/index.php(35): displayAllDevices()
#2 {main}
  thrown in /home/ubuntu/workspace/Mart9712/labs/lab-5/functions.php on line 63
[14-Oct-2017 08:11:26 UTC] PHP Fatal error:  Uncaught exception 'PDOException' with message 'SQLSTATE[42S22]: Column not found: 1054 Unknown column 'name' in 'order clause'' in /home/ubuntu/workspace/Mart9712/labs/lab-5/functions.php:63
Stack trace:
#0 /home/ubuntu/workspace/Mart9712/labs/lab-5/functions.php(63): PDOStatement->execute(Array)
#1 /home/ubuntu/workspace/Mart9712/labs/lab-5/index.php(35): displayAllDevices()
#2 {main}
  thrown in /home/ubuntu/workspace/Mart9712/labs/lab-5/functions.php on line 63
[14-Oct-2017 08:29:52 UTC] PHP Parse error:  syntax error, unexpected '"<a target='checkoutHistory' h' (T_CONSTANT_ENCAPSED_STRING), expecting ',' or ';' in /home/ubuntu/workspace/Mart9712/labs/lab-5/functions.php on line 69
[14-Oct-2017 08:29:52 UTC] PHP Stack trace:
[14-Oct-2017 08:29:52 UTC] PHP   1. {main}() /home/ubuntu/workspace/Mart9712/labs/lab-5/index.php:0
[16-Oct-2017 03:31:48 UTC] PHP Fatal error:  Uncaught exception 'PDOException' with message 'SQLSTATE[42S22]: Column not found: 1054 Unknown column 'name' in 'order clause'' in /home/ubuntu/workspace/Mart9712/labs/lab-5/functions.php:65
Stack trace:
#0 /home/ubuntu/workspace/Mart9712/labs/lab-5/functions.php(65): PDOStatement->execute(Array)
#1 /home/ubuntu/workspace/Mart9712/labs/lab-5/index.php(36): displayAllDevices()
#2 {main}
  thrown in /home/ubuntu/workspace/Mart9712/labs/lab-5/functions.php on line 65
[18-Oct-2017 19:54:30 UTC] PHP Warning:  include(../../dbconnection.php): failed to open stream: No such file or directory in /home/ubuntu/workspace/Mart9712/labs/lab-6/loginProcess.php on line 5
[18-Oct-2017 19:54:30 UTC] PHP Stack trace:
[18-Oct-2017 19:54:30 UTC] PHP   1. {main}() /home/ubuntu/workspace/Mart9712/labs/lab-6/loginProcess.php:0
[18-Oct-2017 19:54:30 UTC] PHP Warning:  include(): Failed opening '../../dbconnection.php' for inclusion (include_path='.:/usr/share/php:/usr/share/pear') in /home/ubuntu/workspace/Mart9712/labs/lab-6/loginProcess.php on line 5
[18-Oct-2017 19:54:30 UTC] PHP Stack trace:
[18-Oct-2017 19:54:30 UTC] PHP   1. {main}() /home/ubuntu/workspace/Mart9712/labs/lab-6/loginProcess.php:0
[18-Oct-2017 19:54:30 UTC] PHP Fatal error:  Call to undefined function getDatabaseConnection() in /home/ubuntu/workspace/Mart9712/labs/lab-6/loginProcess.php on line 6
[18-Oct-2017 19:54:30 UTC] PHP Stack trace:
[18-Oct-2017 19:54:30 UTC] PHP   1. {main}() /home/ubuntu/workspace/Mart9712/labs/lab-6/loginProcess.php:0
[18-Oct-2017 19:54:58 UTC] PHP Warning:  include(../dbconnection.php): failed to open stream: No such file or directory in /home/ubuntu/workspace/Mart9712/labs/lab-6/loginProcess.php on line 5
[18-Oct-2017 19:54:58 UTC] PHP Stack trace:
[18-Oct-2017 19:54:58 UTC] PHP   1. {main}() /home/ubuntu/workspace/Mart9712/labs/lab-6/loginProcess.php:0
[18-Oct-2017 19:54:58 UTC] PHP Warning:  include(): Failed opening '../dbconnection.php' for inclusion (include_path='.:/usr/share/php:/usr/share/pear') in /home/ubuntu/workspace/Mart9712/labs/lab-6/loginProcess.php on line 5
[18-Oct-2017 19:54:58 UTC] PHP Stack trace:
[18-Oct-2017 19:54:58 UTC] PHP   1. {main}() /home/ubuntu/workspace/Mart9712/labs/lab-6/loginProcess.php:0
[18-Oct-2017 19:54:58 UTC] PHP Fatal error:  Call to undefined function getDatabaseConnection() in /home/ubuntu/workspace/Mart9712/labs/lab-6/loginProcess.php on line 6
[18-Oct-2017 19:54:58 UTC] PHP Stack trace:
[18-Oct-2017 19:54:58 UTC] PHP   1. {main}() /home/ubuntu/workspace/Mart9712/labs/lab-6/loginProcess.php:0
[18-Oct-2017 19:55:14 UTC] PHP Warning:  include(../dbConnection.php): failed to open stream: No such file or directory in /home/ubuntu/workspace/Mart9712/labs/lab-6/loginProcess.php on line 5
[18-Oct-2017 19:55:14 UTC] PHP Stack trace:
[18-Oct-2017 19:55:14 UTC] PHP   1. {main}() /home/ubuntu/workspace/Mart9712/labs/lab-6/loginProcess.php:0
[18-Oct-2017 19:55:14 UTC] PHP Warning:  include(): Failed opening '../dbConnection.php' for inclusion (include_path='.:/usr/share/php:/usr/share/pear') in /home/ubuntu/workspace/Mart9712/labs/lab-6/loginProcess.php on line 5
[18-Oct-2017 19:55:14 UTC] PHP Stack trace:
[18-Oct-2017 19:55:14 UTC] PHP   1. {main}() /home/ubuntu/workspace/Mart9712/labs/lab-6/loginProcess.php:0
[18-Oct-2017 19:55:14 UTC] PHP Fatal error:  Call to undefined function getDatabaseConnection() in /home/ubuntu/workspace/Mart9712/labs/lab-6/loginProcess.php on line 6
[18-Oct-2017 19:55:14 UTC] PHP Stack trace:
[18-Oct-2017 19:55:14 UTC] PHP   1. {main}() /home/ubuntu/workspace/Mart9712/labs/lab-6/loginProcess.php:0
[18-Oct-2017 19:58:05 UTC] PHP Parse error:  syntax error, unexpected '"'"' (T_CONSTANT_ENCAPSED_STRING) in /home/ubuntu/workspace/Mart9712/labs/lab-6/loginProcess.php on line 16
[18-Oct-2017 19:58:36 UTC] PHP Fatal error:  Undefined class constant 'FETCH_ASSOCC' in /home/ubuntu/workspace/Mart9712/labs/lab-6/loginProcess.php on line 20
[18-Oct-2017 19:58:36 UTC] PHP Stack trace:
[18-Oct-2017 19:58:36 UTC] PHP   1. {main}() /home/ubuntu/workspace/Mart9712/labs/lab-6/loginProcess.php:0
[18-Oct-2017 20:22:42 UTC] PHP Fatal error:  Uncaught exception 'PDOException' with message 'SQLSTATE[42S02]: Base table or view not found: 1146 Table 'tcp.tc_users' doesn't exist' in /home/ubuntu/workspace/Mart9712/labs/lab-6/admin.php:12
Stack trace:
#0 /home/ubuntu/workspace/Mart9712/labs/lab-6/admin.php(12): PDOStatement->execute()
#1 /home/ubuntu/workspace/Mart9712/labs/lab-6/admin.php(26): displayUsers()
#2 {main}
  thrown in /home/ubuntu/workspace/Mart9712/labs/lab-6/admin.php on line 12
[18-Oct-2017 20:25:19 UTC] PHP Warning:  Invalid argument supplied for foreach() in /home/ubuntu/workspace/Mart9712/labs/lab-6/admin.php on line 16
[18-Oct-2017 20:25:19 UTC] PHP Stack trace:
[18-Oct-2017 20:25:19 UTC] PHP   1. {main}() /home/ubuntu/workspace/Mart9712/labs/lab-6/admin.php:0
[18-Oct-2017 20:25:19 UTC] PHP   2. displayUsers() /home/ubuntu/workspace/Mart9712/labs/lab-6/admin.php:29
[18-Oct-2017 20:25:42 UTC] PHP Warning:  Illegal string offset 'firstName' in /home/ubuntu/workspace/Mart9712/labs/lab-6/admin.php on line 17
[18-Oct-2017 20:25:42 UTC] PHP Stack trace:
[18-Oct-2017 20:25:42 UTC] PHP   1. {main}() /home/ubuntu/workspace/Mart9712/labs/lab-6/admin.php:0
[18-Oct-2017 20:25:42 UTC] PHP   2. displayUsers() /home/ubuntu/workspace/Mart9712/labs/lab-6/admin.php:29
[18-Oct-2017 20:25:42 UTC] PHP Warning:  Illegal string offset 'lastName' in /home/ubuntu/workspace/Mart9712/labs/lab-6/admin.php on line 17
[18-Oct-2017 20:25:42 UTC] PHP Stack trace:
[18-Oct-2017 20:25:42 UTC] PHP   1. {main}() /home/ubuntu/workspace/Mart9712/labs/lab-6/admin.php:0
[18-Oct-2017 20:25:42 UTC] PHP   2. displayUsers() /home/ubuntu/workspace/Mart9712/labs/lab-6/admin.php:29
[18-Oct-2017 20:25:42 UTC] PHP Warning:  Illegal string offset 'email' in /home/ubuntu/workspace/Mart9712/labs/lab-6/admin.php on line 17
[18-Oct-2017 20:25:42 UTC] PHP Stack trace:
[18-Oct-2017 20:25:42 UTC] PHP   1. {main}() /home/ubuntu/workspace/Mart9712/labs/lab-6/admin.php:0
[18-Oct-2017 20:25:42 UTC] PHP   2. displayUsers() /home/ubuntu/workspace/Mart9712/labs/lab-6/admin.php:29
[18-Oct-2017 20:25:42 UTC] PHP Warning:  Illegal string offset 'firstName' in /home/ubuntu/workspace/Mart9712/labs/lab-6/admin.php on line 17
[18-Oct-2017 20:25:42 UTC] PHP Stack trace:
[18-Oct-2017 20:25:42 UTC] PHP   1. {main}() /home/ubuntu/workspace/Mart9712/labs/lab-6/admin.php:0
[18-Oct-2017 20:25:42 UTC] PHP   2. displayUsers() /home/ubuntu/workspace/Mart9712/labs/lab-6/admin.php:29
[18-Oct-2017 20:25:42 UTC] PHP Warning:  Illegal string offset 'lastName' in /home/ubuntu/workspace/Mart9712/labs/lab-6/admin.php on line 17
[18-Oct-2017 20:25:42 UTC] PHP Stack trace:
[18-Oct-2017 20:25:42 UTC] PHP   1. {main}() /home/ubuntu/workspace/Mart9712/labs/lab-6/admin.php:0
[18-Oct-2017 20:25:42 UTC] PHP   2. displayUsers() /home/ubuntu/workspace/Mart9712/labs/lab-6/admin.php:29
[18-Oct-2017 20:25:42 UTC] PHP Warning:  Illegal string offset 'email' in /home/ubuntu/workspace/Mart9712/labs/lab-6/admin.php on line 17
[18-Oct-2017 20:25:42 UTC] PHP Stack trace:
[18-Oct-2017 20:25:42 UTC] PHP   1. {main}() /home/ubuntu/workspace/Mart9712/labs/lab-6/admin.php:0
[18-Oct-2017 20:25:42 UTC] PHP   2. displayUsers() /home/ubuntu/workspace/Mart9712/labs/lab-6/admin.php:29
[18-Oct-2017 20:25:42 UTC] PHP Warning:  Illegal string offset 'firstName' in /home/ubuntu/workspace/Mart9712/labs/lab-6/admin.php on line 17
[18-Oct-2017 20:25:42 UTC] PHP Stack trace:
[18-Oct-2017 20:25:42 UTC] PHP   1. {main}() /home/ubuntu/workspace/Mart9712/labs/lab-6/admin.php:0
[18-Oct-2017 20:25:42 UTC] PHP   2. displayUsers() /home/ubuntu/workspace/Mart9712/labs/lab-6/admin.php:29
[18-Oct-2017 20:25:42 UTC] PHP Warning:  Illegal string offset 'lastName' in /home/ubuntu/workspace/Mart9712/labs/lab-6/admin.php on line 17
[18-Oct-2017 20:25:42 UTC] PHP Stack trace:
[18-Oct-2017 20:25:42 UTC] PHP   1. {main}() /home/ubuntu/workspace/Mart9712/labs/lab-6/admin.php:0
[18-Oct-2017 20:25:42 UTC] PHP   2. displayUsers() /home/ubuntu/workspace/Mart9712/labs/lab-6/admin.php:29
[18-Oct-2017 20:25:42 UTC] PHP Warning:  Illegal string offset 'email' in /home/ubuntu/workspace/Mart9712/labs/lab-6/admin.php on line 17
[18-Oct-2017 20:25:42 UTC] PHP Stack trace:
[18-Oct-2017 20:25:42 UTC] PHP   1. {main}() /home/ubuntu/workspace/Mart9712/labs/lab-6/admin.php:0
[18-Oct-2017 20:25:42 UTC] PHP   2. displayUsers() /home/ubuntu/workspace/Mart9712/labs/lab-6/admin.php:29
[18-Oct-2017 20:26:04 UTC] PHP Warning:  Illegal string offset 'firstname' in /home/ubuntu/workspace/Mart9712/labs/lab-6/admin.php on line 17
[18-Oct-2017 20:26:04 UTC] PHP Stack trace:
[18-Oct-2017 20:26:04 UTC] PHP   1. {main}() /home/ubuntu/workspace/Mart9712/labs/lab-6/admin.php:0
[18-Oct-2017 20:26:04 UTC] PHP   2. displayUsers() /home/ubuntu/workspace/Mart9712/labs/lab-6/admin.php:29
[18-Oct-2017 20:26:04 UTC] PHP Warning:  Illegal string offset 'lastname' in /home/ubuntu/workspace/Mart9712/labs/lab-6/admin.php on line 17
[18-Oct-2017 20:26:04 UTC] PHP Stack trace:
[18-Oct-2017 20:26:04 UTC] PHP   1. {main}() /home/ubuntu/workspace/Mart9712/labs/lab-6/admin.php:0
[18-Oct-2017 20:26:04 UTC] PHP   2. displayUsers() /home/ubuntu/workspace/Mart9712/labs/lab-6/admin.php:29
[18-Oct-2017 20:26:04 UTC] PHP Warning:  Illegal string offset 'email' in /home/ubuntu/workspace/Mart9712/labs/lab-6/admin.php on line 17
[18-Oct-2017 20:26:04 UTC] PHP Stack trace:
[18-Oct-2017 20:26:04 UTC] PHP   1. {main}() /home/ubuntu/workspace/Mart9712/labs/lab-6/admin.php:0
[18-Oct-2017 20:26:04 UTC] PHP   2. displayUsers() /home/ubuntu/workspace/Mart9712/labs/lab-6/admin.php:29
[18-Oct-2017 20:26:04 UTC] PHP Warning:  Illegal string offset 'firstname' in /home/ubuntu/workspace/Mart9712/labs/lab-6/admin.php on line 17
[18-Oct-2017 20:26:04 UTC] PHP Stack trace:
[18-Oct-2017 20:26:04 UTC] PHP   1. {main}() /home/ubuntu/workspace/Mart9712/labs/lab-6/admin.php:0
[18-Oct-2017 20:26:04 UTC] PHP   2. displayUsers() /home/ubuntu/workspace/Mart9712/labs/lab-6/admin.php:29
[18-Oct-2017 20:26:04 UTC] PHP Warning:  Illegal string offset 'lastname' in /home/ubuntu/workspace/Mart9712/labs/lab-6/admin.php on line 17
[18-Oct-2017 20:26:04 UTC] PHP Stack trace:
[18-Oct-2017 20:26:04 UTC] PHP   1. {main}() /home/ubuntu/workspace/Mart9712/labs/lab-6/admin.php:0
[18-Oct-2017 20:26:04 UTC] PHP   2. displayUsers() /home/ubuntu/workspace/Mart9712/labs/lab-6/admin.php:29
[18-Oct-2017 20:26:04 UTC] PHP Warning:  Illegal string offset 'email' in /home/ubuntu/workspace/Mart9712/labs/lab-6/admin.php on line 17
[18-Oct-2017 20:26:04 UTC] PHP Stack trace:
[18-Oct-2017 20:26:04 UTC] PHP   1. {main}() /home/ubuntu/workspace/Mart9712/labs/lab-6/admin.php:0
[18-Oct-2017 20:26:04 UTC] PHP   2. displayUsers() /home/ubuntu/workspace/Mart9712/labs/lab-6/admin.php:29
[18-Oct-2017 20:26:04 UTC] PHP Warning:  Illegal string offset 'firstname' in /home/ubuntu/workspace/Mart9712/labs/lab-6/admin.php on line 17
[18-Oct-2017 20:26:04 UTC] PHP Stack trace:
[18-Oct-2017 20:26:04 UTC] PHP   1. {main}() /home/ubuntu/workspace/Mart9712/labs/lab-6/admin.php:0
[18-Oct-2017 20:26:04 UTC] PHP   2. displayUsers() /home/ubuntu/workspace/Mart9712/labs/lab-6/admin.php:29
[18-Oct-2017 20:26:04 UTC] PHP Warning:  Illegal string offset 'lastname' in /home/ubuntu/workspace/Mart9712/labs/lab-6/admin.php on line 17
[18-Oct-2017 20:26:04 UTC] PHP Stack trace:
[18-Oct-2017 20:26:04 UTC] PHP   1. {main}() /home/ubuntu/workspace/Mart9712/labs/lab-6/admin.php:0
[18-Oct-2017 20:26:04 UTC] PHP   2. displayUsers() /home/ubuntu/workspace/Mart9712/labs/lab-6/admin.php:29
[18-Oct-2017 20:26:04 UTC] PHP Warning:  Illegal string offset 'email' in /home/ubuntu/workspace/Mart9712/labs/lab-6/admin.php on line 17
[18-Oct-2017 20:26:04 UTC] PHP Stack trace:
[18-Oct-2017 20:26:04 UTC] PHP   1. {main}() /home/ubuntu/workspace/Mart9712/labs/lab-6/admin.php:0
[18-Oct-2017 20:26:04 UTC] PHP   2. displayUsers() /home/ubuntu/workspace/Mart9712/labs/lab-6/admin.php:29
[18-Oct-2017 20:26:05 UTC] PHP Warning:  Illegal string offset 'firstname' in /home/ubuntu/workspace/Mart9712/labs/lab-6/admin.php on line 17
[18-Oct-2017 20:26:05 UTC] PHP Stack trace:
[18-Oct-2017 20:26:05 UTC] PHP   1. {main}() /home/ubuntu/workspace/Mart9712/labs/lab-6/admin.php:0
[18-Oct-2017 20:26:05 UTC] PHP   2. displayUsers() /home/ubuntu/workspace/Mart9712/labs/lab-6/admin.php:29
[18-Oct-2017 20:26:05 UTC] PHP Warning:  Illegal string offset 'lastname' in /home/ubuntu/workspace/Mart9712/labs/lab-6/admin.php on line 17
[18-Oct-2017 20:26:05 UTC] PHP Stack trace:
[18-Oct-2017 20:26:05 UTC] PHP   1. {main}() /home/ubuntu/workspace/Mart9712/labs/lab-6/admin.php:0
[18-Oct-2017 20:26:05 UTC] PHP   2. displayUsers() /home/ubuntu/workspace/Mart9712/labs/lab-6/admin.php:29
[18-Oct-2017 20:26:05 UTC] PHP Warning:  Illegal string offset 'email' in /home/ubuntu/workspace/Mart9712/labs/lab-6/admin.php on line 17
[18-Oct-2017 20:26:05 UTC] PHP Stack trace:
[18-Oct-2017 20:26:05 UTC] PHP   1. {main}() /home/ubuntu/workspace/Mart9712/labs/lab-6/admin.php:0
[18-Oct-2017 20:26:05 UTC] PHP   2. displayUsers() /home/ubuntu/workspace/Mart9712/labs/lab-6/admin.php:29
[18-Oct-2017 20:26:05 UTC] PHP Warning:  Illegal string offset 'firstname' in /home/ubuntu/workspace/Mart9712/labs/lab-6/admin.php on line 17
[18-Oct-2017 20:26:05 UTC] PHP Stack trace:
[18-Oct-2017 20:26:05 UTC] PHP   1. {main}() /home/ubuntu/workspace/Mart9712/labs/lab-6/admin.php:0
[18-Oct-2017 20:26:05 UTC] PHP   2. displayUsers() /home/ubuntu/workspace/Mart9712/labs/lab-6/admin.php:29
[18-Oct-2017 20:26:05 UTC] PHP Warning:  Illegal string offset 'lastname' in /home/ubuntu/workspace/Mart9712/labs/lab-6/admin.php on line 17
[18-Oct-2017 20:26:05 UTC] PHP Stack trace:
[18-Oct-2017 20:26:05 UTC] PHP   1. {main}() /home/ubuntu/workspace/Mart9712/labs/lab-6/admin.php:0
[18-Oct-2017 20:26:05 UTC] PHP   2. displayUsers() /home/ubuntu/workspace/Mart9712/labs/lab-6/admin.php:29
[18-Oct-2017 20:26:05 UTC] PHP Warning:  Illegal string offset 'email' in /home/ubuntu/workspace/Mart9712/labs/lab-6/admin.php on line 17
[18-Oct-2017 20:26:05 UTC] PHP Stack trace:
[18-Oct-2017 20:26:05 UTC] PHP   1. {main}() /home/ubuntu/workspace/Mart9712/labs/lab-6/admin.php:0
[18-Oct-2017 20:26:05 UTC] PHP   2. displayUsers() /home/ubuntu/workspace/Mart9712/labs/lab-6/admin.php:29
[18-Oct-2017 20:26:05 UTC] PHP Warning:  Illegal string offset 'firstname' in /home/ubuntu/workspace/Mart9712/labs/lab-6/admin.php on line 17
[18-Oct-2017 20:26:05 UTC] PHP Stack trace:
[18-Oct-2017 20:26:05 UTC] PHP   1. {main}() /home/ubuntu/workspace/Mart9712/labs/lab-6/admin.php:0
[18-Oct-2017 20:26:05 UTC] PHP   2. displayUsers() /home/ubuntu/workspace/Mart9712/labs/lab-6/admin.php:29
[18-Oct-2017 20:26:05 UTC] PHP Warning:  Illegal string offset 'lastname' in /home/ubuntu/workspace/Mart9712/labs/lab-6/admin.php on line 17
[18-Oct-2017 20:26:05 UTC] PHP Stack trace:
[18-Oct-2017 20:26:05 UTC] PHP   1. {main}() /home/ubuntu/workspace/Mart9712/labs/lab-6/admin.php:0
[18-Oct-2017 20:26:05 UTC] PHP   2. displayUsers() /home/ubuntu/workspace/Mart9712/labs/lab-6/admin.php:29
[18-Oct-2017 20:26:05 UTC] PHP Warning:  Illegal string offset 'email' in /home/ubuntu/workspace/Mart9712/labs/lab-6/admin.php on line 17
[18-Oct-2017 20:26:05 UTC] PHP Stack trace:
[18-Oct-2017 20:26:05 UTC] PHP   1. {main}() /home/ubuntu/workspace/Mart9712/labs/lab-6/admin.php:0
[18-Oct-2017 20:26:05 UTC] PHP   2. displayUsers() /home/ubuntu/workspace/Mart9712/labs/lab-6/admin.php:29
[18-Oct-2017 20:26:46 UTC] PHP Warning:  Illegal string offset 'firstName' in /home/ubuntu/workspace/Mart9712/labs/lab-6/admin.php on line 17
[18-Oct-2017 20:26:46 UTC] PHP Stack trace:
[18-Oct-2017 20:26:46 UTC] PHP   1. {main}() /home/ubuntu/workspace/Mart9712/labs/lab-6/admin.php:0
[18-Oct-2017 20:26:46 UTC] PHP   2. displayUsers() /home/ubuntu/workspace/Mart9712/labs/lab-6/admin.php:29
[18-Oct-2017 20:26:46 UTC] PHP Warning:  Illegal string offset 'lastName' in /home/ubuntu/workspace/Mart9712/labs/lab-6/admin.php on line 17
[18-Oct-2017 20:26:46 UTC] PHP Stack trace:
[18-Oct-2017 20:26:46 UTC] PHP   1. {main}() /home/ubuntu/workspace/Mart9712/labs/lab-6/admin.php:0
[18-Oct-2017 20:26:46 UTC] PHP   2. displayUsers() /home/ubuntu/workspace/Mart9712/labs/lab-6/admin.php:29
[18-Oct-2017 20:26:46 UTC] PHP Warning:  Illegal string offset 'email' in /home/ubuntu/workspace/Mart9712/labs/lab-6/admin.php on line 17
[18-Oct-2017 20:26:46 UTC] PHP Stack trace:
[18-Oct-2017 20:26:46 UTC] PHP   1. {main}() /home/ubuntu/workspace/Mart9712/labs/lab-6/admin.php:0
[18-Oct-2017 20:26:46 UTC] PHP   2. displayUsers() /home/ubuntu/workspace/Mart9712/labs/lab-6/admin.php:29
[18-Oct-2017 20:26:46 UTC] PHP Warning:  Illegal string offset 'firstName' in /home/ubuntu/workspace/Mart9712/labs/lab-6/admin.php on line 17
[18-Oct-2017 20:26:46 UTC] PHP Stack trace:
[18-Oct-2017 20:26:46 UTC] PHP   1. {main}() /home/ubuntu/workspace/Mart9712/labs/lab-6/admin.php:0
[18-Oct-2017 20:26:46 UTC] PHP   2. displayUsers() /home/ubuntu/workspace/Mart9712/labs/lab-6/admin.php:29
[18-Oct-2017 20:26:46 UTC] PHP Warning:  Illegal string offset 'lastName' in /home/ubuntu/workspace/Mart9712/labs/lab-6/admin.php on line 17
[18-Oct-2017 20:26:46 UTC] PHP Stack trace:
[18-Oct-2017 20:26:46 UTC] PHP   1. {main}() /home/ubuntu/workspace/Mart9712/labs/lab-6/admin.php:0
[18-Oct-2017 20:26:46 UTC] PHP   2. displayUsers() /home/ubuntu/workspace/Mart9712/labs/lab-6/admin.php:29
[18-Oct-2017 20:26:46 UTC] PHP Warning:  Illegal string offset 'email' in /home/ubuntu/workspace/Mart9712/labs/lab-6/admin.php on line 17
[18-Oct-2017 20:26:46 UTC] PHP Stack trace:
[18-Oct-2017 20:26:46 UTC] PHP   1. {main}() /home/ubuntu/workspace/Mart9712/labs/lab-6/admin.php:0
[18-Oct-2017 20:26:46 UTC] PHP   2. displayUsers() /home/ubuntu/workspace/Mart9712/labs/lab-6/admin.php:29
[18-Oct-2017 20:26:46 UTC] PHP Warning:  Illegal string offset 'firstName' in /home/ubuntu/workspace/Mart9712/labs/lab-6/admin.php on line 17
[18-Oct-2017 20:26:46 UTC] PHP Stack trace:
[18-Oct-2017 20:26:46 UTC] PHP   1. {main}() /home/ubuntu/workspace/Mart9712/labs/lab-6/admin.php:0
[18-Oct-2017 20:26:46 UTC] PHP   2. displayUsers() /home/ubuntu/workspace/Mart9712/labs/lab-6/admin.php:29
[18-Oct-2017 20:26:46 UTC] PHP Warning:  Illegal string offset 'lastName' in /home/ubuntu/workspace/Mart9712/labs/lab-6/admin.php on line 17
[18-Oct-2017 20:26:46 UTC] PHP Stack trace:
[18-Oct-2017 20:26:46 UTC] PHP   1. {main}() /home/ubuntu/workspace/Mart9712/labs/lab-6/admin.php:0
[18-Oct-2017 20:26:46 UTC] PHP   2. displayUsers() /home/ubuntu/workspace/Mart9712/labs/lab-6/admin.php:29
[18-Oct-2017 20:26:46 UTC] PHP Warning:  Illegal string offset 'email' in /home/ubuntu/workspace/Mart9712/labs/lab-6/admin.php on line 17
[18-Oct-2017 20:26:46 UTC] PHP Stack trace:
[18-Oct-2017 20:26:46 UTC] PHP   1. {main}() /home/ubuntu/workspace/Mart9712/labs/lab-6/admin.php:0
[18-Oct-2017 20:26:46 UTC] PHP   2. displayUsers() /home/ubuntu/workspace/Mart9712/labs/lab-6/admin.php:29
[18-Oct-2017 20:27:08 UTC] PHP Warning:  Illegal string offset 'firstname' in /home/ubuntu/workspace/Mart9712/labs/lab-6/admin.php on line 17
[18-Oct-2017 20:27:08 UTC] PHP Stack trace:
[18-Oct-2017 20:27:08 UTC] PHP   1. {main}() /home/ubuntu/workspace/Mart9712/labs/lab-6/admin.php:0
[18-Oct-2017 20:27:08 UTC] PHP   2. displayUsers() /home/ubuntu/workspace/Mart9712/labs/lab-6/admin.php:29
[18-Oct-2017 20:27:08 UTC] PHP Warning:  Illegal string offset 'lastname' in /home/ubuntu/workspace/Mart9712/labs/lab-6/admin.php on line 17
[18-Oct-2017 20:27:08 UTC] PHP Stack trace:
[18-Oct-2017 20:27:08 UTC] PHP   1. {main}() /home/ubuntu/workspace/Mart9712/labs/lab-6/admin.php:0
[18-Oct-2017 20:27:08 UTC] PHP   2. displayUsers() /home/ubuntu/workspace/Mart9712/labs/lab-6/admin.php:29
[18-Oct-2017 20:27:08 UTC] PHP Warning:  Illegal string offset 'email' in /home/ubuntu/workspace/Mart9712/labs/lab-6/admin.php on line 17
[18-Oct-2017 20:27:08 UTC] PHP Stack trace:
[18-Oct-2017 20:27:08 UTC] PHP   1. {main}() /home/ubuntu/workspace/Mart9712/labs/lab-6/admin.php:0
[18-Oct-2017 20:27:08 UTC] PHP   2. displayUsers() /home/ubuntu/workspace/Mart9712/labs/lab-6/admin.php:29
[18-Oct-2017 20:27:08 UTC] PHP Warning:  Illegal string offset 'firstname' in /home/ubuntu/workspace/Mart9712/labs/lab-6/admin.php on line 17
[18-Oct-2017 20:27:08 UTC] PHP Stack trace:
[18-Oct-2017 20:27:08 UTC] PHP   1. {main}() /home/ubuntu/workspace/Mart9712/labs/lab-6/admin.php:0
[18-Oct-2017 20:27:08 UTC] PHP   2. displayUsers() /home/ubuntu/workspace/Mart9712/labs/lab-6/admin.php:29
[18-Oct-2017 20:27:08 UTC] PHP Warning:  Illegal string offset 'lastname' in /home/ubuntu/workspace/Mart9712/labs/lab-6/admin.php on line 17
[18-Oct-2017 20:27:08 UTC] PHP Stack trace:
[18-Oct-2017 20:27:08 UTC] PHP   1. {main}() /home/ubuntu/workspace/Mart9712/labs/lab-6/admin.php:0
[18-Oct-2017 20:27:08 UTC] PHP   2. displayUsers() /home/ubuntu/workspace/Mart9712/labs/lab-6/admin.php:29
[18-Oct-2017 20:27:08 UTC] PHP Warning:  Illegal string offset 'email' in /home/ubuntu/workspace/Mart9712/labs/lab-6/admin.php on line 17
[18-Oct-2017 20:27:08 UTC] PHP Stack trace:
[18-Oct-2017 20:27:08 UTC] PHP   1. {main}() /home/ubuntu/workspace/Mart9712/labs/lab-6/admin.php:0
[18-Oct-2017 20:27:08 UTC] PHP   2. displayUsers() /home/ubuntu/workspace/Mart9712/labs/lab-6/admin.php:29
[18-Oct-2017 20:27:08 UTC] PHP Warning:  Illegal string offset 'firstname' in /home/ubuntu/workspace/Mart9712/labs/lab-6/admin.php on line 17
[18-Oct-2017 20:27:08 UTC] PHP Stack trace:
[18-Oct-2017 20:27:08 UTC] PHP   1. {main}() /home/ubuntu/workspace/Mart9712/labs/lab-6/admin.php:0
[18-Oct-2017 20:27:08 UTC] PHP   2. displayUsers() /home/ubuntu/workspace/Mart9712/labs/lab-6/admin.php:29
[18-Oct-2017 20:27:08 UTC] PHP Warning:  Illegal string offset 'lastname' in /home/ubuntu/workspace/Mart9712/labs/lab-6/admin.php on line 17
[18-Oct-2017 20:27:08 UTC] PHP Stack trace:
[18-Oct-2017 20:27:08 UTC] PHP   1. {main}() /home/ubuntu/workspace/Mart9712/labs/lab-6/admin.php:0
[18-Oct-2017 20:27:08 UTC] PHP   2. displayUsers() /home/ubuntu/workspace/Mart9712/labs/lab-6/admin.php:29
[18-Oct-2017 20:27:08 UTC] PHP Warning:  Illegal string offset 'email' in /home/ubuntu/workspace/Mart9712/labs/lab-6/admin.php on line 17
[18-Oct-2017 20:27:08 UTC] PHP Stack trace:
[18-Oct-2017 20:27:08 UTC] PHP   1. {main}() /home/ubuntu/workspace/Mart9712/labs/lab-6/admin.php:0
[18-Oct-2017 20:27:08 UTC] PHP   2. displayUsers() /home/ubuntu/workspace/Mart9712/labs/lab-6/admin.php:29
[18-Oct-2017 20:27:17 UTC] PHP Warning:  Illegal string offset 'firstname' in /home/ubuntu/workspace/Mart9712/labs/lab-6/admin.php on line 17
[18-Oct-2017 20:27:17 UTC] PHP Stack trace:
[18-Oct-2017 20:27:17 UTC] PHP   1. {main}() /home/ubuntu/workspace/Mart9712/labs/lab-6/admin.php:0
[18-Oct-2017 20:27:17 UTC] PHP   2. displayUsers() /home/ubuntu/workspace/Mart9712/labs/lab-6/admin.php:29
[18-Oct-2017 20:27:17 UTC] PHP Warning:  Illegal string offset 'lastname' in /home/ubuntu/workspace/Mart9712/labs/lab-6/admin.php on line 17
[18-Oct-2017 20:27:17 UTC] PHP Stack trace:
[18-Oct-2017 20:27:17 UTC] PHP   1. {main}() /home/ubuntu/workspace/Mart9712/labs/lab-6/admin.php:0
[18-Oct-2017 20:27:17 UTC] PHP   2. displayUsers() /home/ubuntu/workspace/Mart9712/labs/lab-6/admin.php:29
[18-Oct-2017 20:27:17 UTC] PHP Warning:  Illegal string offset 'email' in /home/ubuntu/workspace/Mart9712/labs/lab-6/admin.php on line 17
[18-Oct-2017 20:27:17 UTC] PHP Stack trace:
[18-Oct-2017 20:27:17 UTC] PHP   1. {main}() /home/ubuntu/workspace/Mart9712/labs/lab-6/admin.php:0
[18-Oct-2017 20:27:17 UTC] PHP   2. displayUsers() /home/ubuntu/workspace/Mart9712/labs/lab-6/admin.php:29
[18-Oct-2017 20:27:17 UTC] PHP Warning:  Illegal string offset 'firstname' in /home/ubuntu/workspace/Mart9712/labs/lab-6/admin.php on line 17
[18-Oct-2017 20:27:17 UTC] PHP Stack trace:
[18-Oct-2017 20:27:17 UTC] PHP   1. {main}() /home/ubuntu/workspace/Mart9712/labs/lab-6/admin.php:0
[18-Oct-2017 20:27:17 UTC] PHP   2. displayUsers() /home/ubuntu/workspace/Mart9712/labs/lab-6/admin.php:29
[18-Oct-2017 20:27:17 UTC] PHP Warning:  Illegal string offset 'lastname' in /home/ubuntu/workspace/Mart9712/labs/lab-6/admin.php on line 17
[18-Oct-2017 20:27:17 UTC] PHP Stack trace:
[18-Oct-2017 20:27:17 UTC] PHP   1. {main}() /home/ubuntu/workspace/Mart9712/labs/lab-6/admin.php:0
[18-Oct-2017 20:27:17 UTC] PHP   2. displayUsers() /home/ubuntu/workspace/Mart9712/labs/lab-6/admin.php:29
[18-Oct-2017 20:27:17 UTC] PHP Warning:  Illegal string offset 'email' in /home/ubuntu/workspace/Mart9712/labs/lab-6/admin.php on line 17
[18-Oct-2017 20:27:17 UTC] PHP Stack trace:
[18-Oct-2017 20:27:17 UTC] PHP   1. {main}() /home/ubuntu/workspace/Mart9712/labs/lab-6/admin.php:0
[18-Oct-2017 20:27:17 UTC] PHP   2. displayUsers() /home/ubuntu/workspace/Mart9712/labs/lab-6/admin.php:29
[18-Oct-2017 20:27:17 UTC] PHP Warning:  Illegal string offset 'firstname' in /home/ubuntu/workspace/Mart9712/labs/lab-6/admin.php on line 17
[18-Oct-2017 20:27:17 UTC] PHP Stack trace:
[18-Oct-2017 20:27:17 UTC] PHP   1. {main}() /home/ubuntu/workspace/Mart9712/labs/lab-6/admin.php:0
[18-Oct-2017 20:27:17 UTC] PHP   2. displayUsers() /home/ubuntu/workspace/Mart9712/labs/lab-6/admin.php:29
[18-Oct-2017 20:27:17 UTC] PHP Warning:  Illegal string offset 'lastname' in /home/ubuntu/workspace/Mart9712/labs/lab-6/admin.php on line 17
[18-Oct-2017 20:27:17 UTC] PHP Stack trace:
[18-Oct-2017 20:27:17 UTC] PHP   1. {main}() /home/ubuntu/workspace/Mart9712/labs/lab-6/admin.php:0
[18-Oct-2017 20:27:17 UTC] PHP   2. displayUsers() /home/ubuntu/workspace/Mart9712/labs/lab-6/admin.php:29
[18-Oct-2017 20:27:17 UTC] PHP Warning:  Illegal string offset 'email' in /home/ubuntu/workspace/Mart9712/labs/lab-6/admin.php on line 17
[18-Oct-2017 20:27:17 UTC] PHP Stack trace:
[18-Oct-2017 20:27:17 UTC] PHP   1. {main}() /home/ubuntu/workspace/Mart9712/labs/lab-6/admin.php:0
[18-Oct-2017 20:27:17 UTC] PHP   2. displayUsers() /home/ubuntu/workspace/Mart9712/labs/lab-6/admin.php:29
[18-Oct-2017 20:28:24 UTC] PHP Warning:  Illegal string offset 'firstname' in /home/ubuntu/workspace/Mart9712/labs/lab-6/admin.php on line 19
[18-Oct-2017 20:28:24 UTC] PHP Stack trace:
[18-Oct-2017 20:28:24 UTC] PHP   1. {main}() /home/ubuntu/workspace/Mart9712/labs/lab-6/admin.php:0
[18-Oct-2017 20:28:24 UTC] PHP   2. displayUsers() /home/ubuntu/workspace/Mart9712/labs/lab-6/admin.php:31
[18-Oct-2017 20:28:24 UTC] PHP Warning:  Illegal string offset 'lastName' in /home/ubuntu/workspace/Mart9712/labs/lab-6/admin.php on line 19
[18-Oct-2017 20:28:24 UTC] PHP Stack trace:
[18-Oct-2017 20:28:24 UTC] PHP   1. {main}() /home/ubuntu/workspace/Mart9712/labs/lab-6/admin.php:0
[18-Oct-2017 20:28:24 UTC] PHP   2. displayUsers() /home/ubuntu/workspace/Mart9712/labs/lab-6/admin.php:31
[18-Oct-2017 20:28:24 UTC] PHP Warning:  Illegal string offset 'email' in /home/ubuntu/workspace/Mart9712/labs/lab-6/admin.php on line 19
[18-Oct-2017 20:28:24 UTC] PHP Stack trace:
[18-Oct-2017 20:28:24 UTC] PHP   1. {main}() /home/ubuntu/workspace/Mart9712/labs/lab-6/admin.php:0
[18-Oct-2017 20:28:24 UTC] PHP   2. displayUsers() /home/ubuntu/workspace/Mart9712/labs/lab-6/admin.php:31
[18-Oct-2017 20:28:24 UTC] PHP Warning:  Illegal string offset 'firstname' in /home/ubuntu/workspace/Mart9712/labs/lab-6/admin.php on line 19
[18-Oct-2017 20:28:24 UTC] PHP Stack trace:
[18-Oct-2017 20:28:24 UTC] PHP   1. {main}() /home/ubuntu/workspace/Mart9712/labs/lab-6/admin.php:0
[18-Oct-2017 20:28:24 UTC] PHP   2. displayUsers() /home/ubuntu/workspace/Mart9712/labs/lab-6/admin.php:31
[18-Oct-2017 20:28:24 UTC] PHP Warning:  Illegal string offset 'lastName' in /home/ubuntu/workspace/Mart9712/labs/lab-6/admin.php on line 19
[18-Oct-2017 20:28:24 UTC] PHP Stack trace:
[18-Oct-2017 20:28:24 UTC] PHP   1. {main}() /home/ubuntu/workspace/Mart9712/labs/lab-6/admin.php:0
[18-Oct-2017 20:28:24 UTC] PHP   2. displayUsers() /home/ubuntu/workspace/Mart9712/labs/lab-6/admin.php:31
[18-Oct-2017 20:28:24 UTC] PHP Warning:  Illegal string offset 'email' in /home/ubuntu/workspace/Mart9712/labs/lab-6/admin.php on line 19
[18-Oct-2017 20:28:24 UTC] PHP Stack trace:
[18-Oct-2017 20:28:24 UTC] PHP   1. {main}() /home/ubuntu/workspace/Mart9712/labs/lab-6/admin.php:0
[18-Oct-2017 20:28:24 UTC] PHP   2. displayUsers() /home/ubuntu/workspace/Mart9712/labs/lab-6/admin.php:31
[18-Oct-2017 20:28:24 UTC] PHP Warning:  Illegal string offset 'firstname' in /home/ubuntu/workspace/Mart9712/labs/lab-6/admin.php on line 19
[18-Oct-2017 20:28:24 UTC] PHP Stack trace:
[18-Oct-2017 20:28:24 UTC] PHP   1. {main}() /home/ubuntu/workspace/Mart9712/labs/lab-6/admin.php:0
[18-Oct-2017 20:28:24 UTC] PHP   2. displayUsers() /home/ubuntu/workspace/Mart9712/labs/lab-6/admin.php:31
[18-Oct-2017 20:28:24 UTC] PHP Warning:  Illegal string offset 'lastName' in /home/ubuntu/workspace/Mart9712/labs/lab-6/admin.php on line 19
[18-Oct-2017 20:28:24 UTC] PHP Stack trace:
[18-Oct-2017 20:28:24 UTC] PHP   1. {main}() /home/ubuntu/workspace/Mart9712/labs/lab-6/admin.php:0
[18-Oct-2017 20:28:24 UTC] PHP   2. displayUsers() /home/ubuntu/workspace/Mart9712/labs/lab-6/admin.php:31
[18-Oct-2017 20:28:24 UTC] PHP Warning:  Illegal string offset 'email' in /home/ubuntu/workspace/Mart9712/labs/lab-6/admin.php on line 19
[18-Oct-2017 20:28:24 UTC] PHP Stack trace:
[18-Oct-2017 20:28:24 UTC] PHP   1. {main}() /home/ubuntu/workspace/Mart9712/labs/lab-6/admin.php:0
[18-Oct-2017 20:28:24 UTC] PHP   2. displayUsers() /home/ubuntu/workspace/Mart9712/labs/lab-6/admin.php:31
[25-Oct-2017 19:41:37 UTC] PHP Parse error:  syntax error, unexpected '$namedParameters' (T_VARIABLE), expecting ',' or ';' in /home/ubuntu/workspace/Mart9712/labs/lab-6/loginProcess.php on line 25
[25-Oct-2017 20:06:18 UTC] PHP Fatal error:  Uncaught exception 'PDOException' with message 'SQLSTATE[42S22]: Column not found: 1054 Unknown column 'deptName.departmentId' in 'field list'' in /home/ubuntu/workspace/Mart9712/labs/lab-6/addUser.php:15
Stack trace:
#0 /home/ubuntu/workspace/Mart9712/labs/lab-6/addUser.php(15): PDOStatement->execute()
#1 /home/ubuntu/workspace/Mart9712/labs/lab-6/addUser.php(77): getDepartmentInfo()
#2 {main}
  thrown in /home/ubuntu/workspace/Mart9712/labs/lab-6/addUser.php on line 15
[25-Oct-2017 20:06:47 UTC] PHP Fatal error:  Uncaught exception 'PDOException' with message 'SQLSTATE[42S22]: Column not found: 1054 Unknown column 'deptName.departmentId' in 'field list'' in /home/ubuntu/workspace/Mart9712/labs/lab-6/addUser.php:15
Stack trace:
#0 /home/ubuntu/workspace/Mart9712/labs/lab-6/addUser.php(15): PDOStatement->execute()
#1 /home/ubuntu/workspace/Mart9712/labs/lab-6/addUser.php(77): getDepartmentInfo()
#2 {main}
  thrown in /home/ubuntu/workspace/Mart9712/labs/lab-6/addUser.php on line 15
[25-Oct-2017 20:06:52 UTC] PHP Fatal error:  Uncaught exception 'PDOException' with message 'SQLSTATE[42S22]: Column not found: 1054 Unknown column 'deptName.departmentId' in 'field list'' in /home/ubuntu/workspace/Mart9712/labs/lab-6/addUser.php:15
Stack trace:
#0 /home/ubuntu/workspace/Mart9712/labs/lab-6/addUser.php(15): PDOStatement->execute()
#1 /home/ubuntu/workspace/Mart9712/labs/lab-6/addUser.php(77): getDepartmentInfo()
#2 {main}
  thrown in /home/ubuntu/workspace/Mart9712/labs/lab-6/addUser.php on line 15
[25-Oct-2017 20:07:19 UTC] PHP Fatal error:  Uncaught exception 'PDOException' with message 'SQLSTATE[42S22]: Column not found: 1054 Unknown column 'deptName.departmentId' in 'field list'' in /home/ubuntu/workspace/Mart9712/labs/lab-6/addUser.php:15
Stack trace:
#0 /home/ubuntu/workspace/Mart9712/labs/lab-6/addUser.php(15): PDOStatement->execute()
#1 /home/ubuntu/workspace/Mart9712/labs/lab-6/addUser.php(79): getDepartmentInfo()
#2 {main}
  thrown in /home/ubuntu/workspace/Mart9712/labs/lab-6/addUser.php on line 15
[25-Oct-2017 20:07:52 UTC] PHP Fatal error:  Uncaught exception 'PDOException' with message 'SQLSTATE[42S22]: Column not found: 1054 Unknown column 'deptName.departmentId' in 'field list'' in /home/ubuntu/workspace/Mart9712/labs/lab-6/addUser.php:15
Stack trace:
#0 /home/ubuntu/workspace/Mart9712/labs/lab-6/addUser.php(15): PDOStatement->execute()
#1 /home/ubuntu/workspace/Mart9712/labs/lab-6/addUser.php(79): getDepartmentInfo()
#2 {main}
  thrown in /home/ubuntu/workspace/Mart9712/labs/lab-6/addUser.php on line 15
[25-Oct-2017 20:09:06 UTC] PHP Fatal error:  Uncaught exception 'PDOException' with message 'SQLSTATE[42S22]: Column not found: 1054 Unknown column 'deptName.departmentId' in 'field list'' in /home/ubuntu/workspace/Mart9712/labs/lab-6/addUser.php:15
Stack trace:
#0 /home/ubuntu/workspace/Mart9712/labs/lab-6/addUser.php(15): PDOStatement->execute()
#1 /home/ubuntu/workspace/Mart9712/labs/lab-6/addUser.php(80): getDepartmentInfo()
#2 {main}
  thrown in /home/ubuntu/workspace/Mart9712/labs/lab-6/addUser.php on line 15
[25-Oct-2017 20:09:06 UTC] PHP Fatal error:  Uncaught exception 'PDOException' with message 'SQLSTATE[42S22]: Column not found: 1054 Unknown column 'deptName.departmentId' in 'field list'' in /home/ubuntu/workspace/Mart9712/labs/lab-6/addUser.php:15
Stack trace:
#0 /home/ubuntu/workspace/Mart9712/labs/lab-6/addUser.php(15): PDOStatement->execute()
#1 /home/ubuntu/workspace/Mart9712/labs/lab-6/addUser.php(80): getDepartmentInfo()
#2 {main}
  thrown in /home/ubuntu/workspace/Mart9712/labs/lab-6/addUser.php on line 15
[25-Oct-2017 20:09:07 UTC] PHP Fatal error:  Uncaught exception 'PDOException' with message 'SQLSTATE[42S22]: Column not found: 1054 Unknown column 'deptName.departmentId' in 'field list'' in /home/ubuntu/workspace/Mart9712/labs/lab-6/addUser.php:15
Stack trace:
#0 /home/ubuntu/workspace/Mart9712/labs/lab-6/addUser.php(15): PDOStatement->execute()
#1 /home/ubuntu/workspace/Mart9712/labs/lab-6/addUser.php(80): getDepartmentInfo()
#2 {main}
  thrown in /home/ubuntu/workspace/Mart9712/labs/lab-6/addUser.php on line 15
[25-Oct-2017 20:09:07 UTC] PHP Fatal error:  Uncaught exception 'PDOException' with message 'SQLSTATE[42S22]: Column not found: 1054 Unknown column 'deptName.departmentId' in 'field list'' in /home/ubuntu/workspace/Mart9712/labs/lab-6/addUser.php:15
Stack trace:
#0 /home/ubuntu/workspace/Mart9712/labs/lab-6/addUser.php(15): PDOStatement->execute()
#1 /home/ubuntu/workspace/Mart9712/labs/lab-6/addUser.php(80): getDepartmentInfo()
#2 {main}
  thrown in /home/ubuntu/workspace/Mart9712/labs/lab-6/addUser.php on line 15
[25-Oct-2017 20:09:07 UTC] PHP Fatal error:  Uncaught exception 'PDOException' with message 'SQLSTATE[42S22]: Column not found: 1054 Unknown column 'deptName.departmentId' in 'field list'' in /home/ubuntu/workspace/Mart9712/labs/lab-6/addUser.php:15
Stack trace:
#0 /home/ubuntu/workspace/Mart9712/labs/lab-6/addUser.php(15): PDOStatement->execute()
#1 /home/ubuntu/workspace/Mart9712/labs/lab-6/addUser.php(80): getDepartmentInfo()
#2 {main}
  thrown in /home/ubuntu/workspace/Mart9712/labs/lab-6/addUser.php on line 15
[25-Oct-2017 20:10:05 UTC] PHP Fatal error:  Uncaught exception 'PDOException' with message 'SQLSTATE[42S22]: Column not found: 1054 Unknown column 'deptName.departmentId' in 'field list'' in /home/ubuntu/workspace/Mart9712/labs/lab-6/addUser.php:20
Stack trace:
#0 /home/ubuntu/workspace/Mart9712/labs/lab-6/addUser.php(20): PDOStatement->execute()
#1 /home/ubuntu/workspace/Mart9712/labs/lab-6/addUser.php(85): getDepartmentInfo()
#2 {main}
  thrown in /home/ubuntu/workspace/Mart9712/labs/lab-6/addUser.php on line 20
[25-Oct-2017 20:10:05 UTC] PHP Fatal error:  Uncaught exception 'PDOException' with message 'SQLSTATE[42S22]: Column not found: 1054 Unknown column 'deptName.departmentId' in 'field list'' in /home/ubuntu/workspace/Mart9712/labs/lab-6/addUser.php:20
Stack trace:
#0 /home/ubuntu/workspace/Mart9712/labs/lab-6/addUser.php(20): PDOStatement->execute()
#1 /home/ubuntu/workspace/Mart9712/labs/lab-6/addUser.php(85): getDepartmentInfo()
#2 {main}
  thrown in /home/ubuntu/workspace/Mart9712/labs/lab-6/addUser.php on line 20
[25-Oct-2017 20:10:06 UTC] PHP Fatal error:  Uncaught exception 'PDOException' with message 'SQLSTATE[42S22]: Column not found: 1054 Unknown column 'deptName.departmentId' in 'field list'' in /home/ubuntu/workspace/Mart9712/labs/lab-6/addUser.php:20
Stack trace:
#0 /home/ubuntu/workspace/Mart9712/labs/lab-6/addUser.php(20): PDOStatement->execute()
#1 /home/ubuntu/workspace/Mart9712/labs/lab-6/addUser.php(85): getDepartmentInfo()
#2 {main}
  thrown in /home/ubuntu/workspace/Mart9712/labs/lab-6/addUser.php on line 20
[25-Oct-2017 20:10:06 UTC] PHP Fatal error:  Uncaught exception 'PDOException' with message 'SQLSTATE[42S22]: Column not found: 1054 Unknown column 'deptName.departmentId' in 'field list'' in /home/ubuntu/workspace/Mart9712/labs/lab-6/addUser.php:20
Stack trace:
#0 /home/ubuntu/workspace/Mart9712/labs/lab-6/addUser.php(20): PDOStatement->execute()
#1 /home/ubuntu/workspace/Mart9712/labs/lab-6/addUser.php(85): getDepartmentInfo()
#2 {main}
  thrown in /home/ubuntu/workspace/Mart9712/labs/lab-6/addUser.php on line 20
[25-Oct-2017 20:10:06 UTC] PHP Fatal error:  Uncaught exception 'PDOException' with message 'SQLSTATE[42S22]: Column not found: 1054 Unknown column 'deptName.departmentId' in 'field list'' in /home/ubuntu/workspace/Mart9712/labs/lab-6/addUser.php:20
Stack trace:
#0 /home/ubuntu/workspace/Mart9712/labs/lab-6/addUser.php(20): PDOStatement->execute()
#1 /home/ubuntu/workspace/Mart9712/labs/lab-6/addUser.php(85): getDepartmentInfo()
#2 {main}
  thrown in /home/ubuntu/workspace/Mart9712/labs/lab-6/addUser.php on line 20
[25-Oct-2017 20:10:51 UTC] PHP Warning:  Invalid argument supplied for foreach() in /home/ubuntu/workspace/Mart9712/labs/lab-6/addUser.php on line 86
[25-Oct-2017 20:10:51 UTC] PHP Stack trace:
[25-Oct-2017 20:10:51 UTC] PHP   1. {main}() /home/ubuntu/workspace/Mart9712/labs/lab-6/addUser.php:0
[25-Oct-2017 20:12:06 UTC] PHP Warning:  Invalid argument supplied for foreach() in /home/ubuntu/workspace/Mart9712/labs/lab-6/addUser.php on line 86
[25-Oct-2017 20:12:06 UTC] PHP Stack trace:
[25-Oct-2017 20:12:06 UTC] PHP   1. {main}() /home/ubuntu/workspace/Mart9712/labs/lab-6/addUser.php:0
[25-Oct-2017 20:14:55 UTC] PHP Warning:  Invalid argument supplied for foreach() in /home/ubuntu/workspace/Mart9712/labs/lab-6/addUser.php on line 87
[25-Oct-2017 20:14:55 UTC] PHP Stack trace:
[25-Oct-2017 20:14:55 UTC] PHP   1. {main}() /home/ubuntu/workspace/Mart9712/labs/lab-6/addUser.php:0
[25-Oct-2017 20:15:09 UTC] PHP Warning:  Invalid argument supplied for foreach() in /home/ubuntu/workspace/Mart9712/labs/lab-6/addUser.php on line 88
[25-Oct-2017 20:15:09 UTC] PHP Stack trace:
[25-Oct-2017 20:15:09 UTC] PHP   1. {main}() /home/ubuntu/workspace/Mart9712/labs/lab-6/addUser.php:0
[25-Oct-2017 20:16:15 UTC] PHP Fatal error:  Uncaught exception 'PDOException' with message 'SQLSTATE[HY093]: Invalid parameter number: parameter was not defined' in /home/ubuntu/workspace/Mart9712/labs/lab-6/addUser.php:46
Stack trace:
#0 /home/ubuntu/workspace/Mart9712/labs/lab-6/addUser.php(46): PDOStatement->execute(Array)
#1 {main}
  thrown in /home/ubuntu/workspace/Mart9712/labs/lab-6/addUser.php on line 46
[25-Oct-2017 20:17:02 UTC] PHP Fatal error:  Uncaught exception 'PDOException' with message 'SQLSTATE[HY093]: Invalid parameter number: parameter was not defined' in /home/ubuntu/workspace/Mart9712/labs/lab-6/addUser.php:46
Stack trace:
#0 /home/ubuntu/workspace/Mart9712/labs/lab-6/addUser.php(46): PDOStatement->execute(Array)
#1 {main}
  thrown in /home/ubuntu/workspace/Mart9712/labs/lab-6/addUser.php on line 46
[25-Oct-2017 20:41:24 UTC] PHP Fatal error:  Uncaught exception 'PDOException' with message 'SQLSTATE[42000]: Syntax error or access violation: 1064 You have an error in your SQL syntax; check the manual that corresponds to your MySQL server version for the right syntax to use near '' at line 3' in /home/ubuntu/workspace/Mart9712/labs/lab-6/updateUser.php:35
Stack trace:
#0 /home/ubuntu/workspace/Mart9712/labs/lab-6/updateUser.php(35): PDOStatement->execute()
#1 /home/ubuntu/workspace/Mart9712/labs/lab-6/updateUser.php(44): getUserInfo('')
#2 {main}
  thrown in /home/ubuntu/workspace/Mart9712/labs/lab-6/updateUser.php on line 35
[25-Oct-2017 20:41:58 UTC] PHP Fatal error:  Uncaught exception 'PDOException' with message 'SQLSTATE[42000]: Syntax error or access violation: 1064 You have an error in your SQL syntax; check the manual that corresponds to your MySQL server version for the right syntax to use near '' at line 3' in /home/ubuntu/workspace/Mart9712/labs/lab-6/updateUser.php:35
Stack trace:
#0 /home/ubuntu/workspace/Mart9712/labs/lab-6/updateUser.php(35): PDOStatement->execute()
#1 /home/ubuntu/workspace/Mart9712/labs/lab-6/updateUser.php(44): getUserInfo('')
#2 {main}
  thrown in /home/ubuntu/workspace/Mart9712/labs/lab-6/updateUser.php on line 35
[25-Oct-2017 20:43:27 UTC] PHP Fatal error:  Uncaught exception 'PDOException' with message 'SQLSTATE[42000]: Syntax error or access violation: 1064 You have an error in your SQL syntax; check the manual that corresponds to your MySQL server version for the right syntax to use near ''tc_user'
            WHERE userId =' at line 2' in /home/ubuntu/workspace/Mart9712/labs/lab-6/updateUser.php:35
Stack trace:
#0 /home/ubuntu/workspace/Mart9712/labs/lab-6/updateUser.php(35): PDOStatement->execute()
#1 /home/ubuntu/workspace/Mart9712/labs/lab-6/updateUser.php(44): getUserInfo('')
#2 {main}
  thrown in /home/ubuntu/workspace/Mart9712/labs/lab-6/updateUser.php on line 35
[25-Oct-2017 20:44:11 UTC] PHP Fatal error:  Uncaught exception 'PDOException' with message 'SQLSTATE[42000]: Syntax error or access violation: 1064 You have an error in your SQL syntax; check the manual that corresponds to your MySQL server version for the right syntax to use near '' at line 3' in /home/ubuntu/workspace/Mart9712/labs/lab-6/updateUser.php:35
Stack trace:
#0 /home/ubuntu/workspace/Mart9712/labs/lab-6/updateUser.php(35): PDOStatement->execute()
#1 /home/ubuntu/workspace/Mart9712/labs/lab-6/updateUser.php(44): getUserInfo('')
#2 {main}
  thrown in /home/ubuntu/workspace/Mart9712/labs/lab-6/updateUser.php on line 35
[25-Oct-2017 20:44:44 UTC] PHP Fatal error:  Uncaught exception 'PDOException' with message 'SQLSTATE[42000]: Syntax error or access violation: 1064 You have an error in your SQL syntax; check the manual that corresponds to your MySQL server version for the right syntax to use near '' at line 3' in /home/ubuntu/workspace/Mart9712/labs/lab-6/updateUser.php:35
Stack trace:
#0 /home/ubuntu/workspace/Mart9712/labs/lab-6/updateUser.php(35): PDOStatement->execute()
#1 /home/ubuntu/workspace/Mart9712/labs/lab-6/updateUser.php(44): getUserInfo('')
#2 {main}
  thrown in /home/ubuntu/workspace/Mart9712/labs/lab-6/updateUser.php on line 35
[25-Oct-2017 20:45:24 UTC] PHP Fatal error:  Uncaught exception 'PDOException' with message 'SQLSTATE[42000]: Syntax error or access violation: 1064 You have an error in your SQL syntax; check the manual that corresponds to your MySQL server version for the right syntax to use near '' at line 3' in /home/ubuntu/workspace/Mart9712/labs/lab-6/updateUser.php:35
Stack trace:
#0 /home/ubuntu/workspace/Mart9712/labs/lab-6/updateUser.php(35): PDOStatement->execute()
#1 /home/ubuntu/workspace/Mart9712/labs/lab-6/updateUser.php(44): getUserInfo('')
#2 {main}
  thrown in /home/ubuntu/workspace/Mart9712/labs/lab-6/updateUser.php on line 35
[25-Oct-2017 20:46:07 UTC] PHP Fatal error:  Uncaught exception 'PDOException' with message 'SQLSTATE[42000]: Syntax error or access violation: 1064 You have an error in your SQL syntax; check the manual that corresponds to your MySQL server version for the right syntax to use near '' at line 3' in /home/ubuntu/workspace/Mart9712/labs/lab-6/updateUser.php:35
Stack trace:
#0 /home/ubuntu/workspace/Mart9712/labs/lab-6/updateUser.php(35): PDOStatement->execute()
#1 /home/ubuntu/workspace/Mart9712/labs/lab-6/updateUser.php(44): getUserInfo('')
#2 {main}
  thrown in /home/ubuntu/workspace/Mart9712/labs/lab-6/updateUser.php on line 35
[25-Oct-2017 20:46:31 UTC] PHP Fatal error:  Uncaught exception 'PDOException' with message 'SQLSTATE[42000]: Syntax error or access violation: 1064 You have an error in your SQL syntax; check the manual that corresponds to your MySQL server version for the right syntax to use near '' at line 3' in /home/ubuntu/workspace/Mart9712/labs/lab-6/updateUser.php:35
Stack trace:
#0 /home/ubuntu/workspace/Mart9712/labs/lab-6/updateUser.php(35): PDOStatement->execute()
#1 /home/ubuntu/workspace/Mart9712/labs/lab-6/updateUser.php(44): getUserInfo('')
#2 {main}
  thrown in /home/ubuntu/workspace/Mart9712/labs/lab-6/updateUser.php on line 35
[27-Oct-2017 19:27:53 UTC] PHP Parse error:  syntax error, unexpected '>' in /home/ubuntu/workspace/Mart9712/labs/lab-6/updateUser.php on line 64
[27-Oct-2017 19:27:57 UTC] PHP Parse error:  syntax error, unexpected '>' in /home/ubuntu/workspace/Mart9712/labs/lab-6/updateUser.php on line 64
[28-Oct-2017 21:42:35 UTC] PHP Parse error:  syntax error, unexpected '?' in /home/ubuntu/workspace/Mart9712/labs/lab-6/updateUser.php on line 96
[28-Oct-2017 22:04:06 UTC] PHP Parse error:  syntax error, unexpected '}', expecting ',' or ';' in /home/ubuntu/workspace/Mart9712/labs/lab-6/index.php on line 18
[28-Oct-2017 22:04:17 UTC] PHP Parse error:  syntax error, unexpected '}', expecting ',' or ';' in /home/ubuntu/workspace/Mart9712/labs/lab-6/index.php on line 18
[28-Oct-2017 22:04:26 UTC] PHP Parse error:  syntax error, unexpected '}', expecting ',' or ';' in /home/ubuntu/workspace/Mart9712/labs/lab-6/index.php on line 18
[28-Oct-2017 22:04:30 UTC] PHP Parse error:  syntax error, unexpected '}', expecting ',' or ';' in /home/ubuntu/workspace/Mart9712/labs/lab-6/index.php on line 18
