[08-Dec-2017 07:25:45 UTC] PHP Warning:  include(inc/dbConnection.php): failed to open stream: No such file or directory in /home/ubuntu/workspace/Mart9712/final_project/inc/editRoute.php on line 2
[08-Dec-2017 07:25:45 UTC] PHP Stack trace:
[08-Dec-2017 07:25:45 UTC] PHP   1. {main}() /home/ubuntu/workspace/Mart9712/final_project/inc/editRoute.php:0
[08-Dec-2017 07:25:45 UTC] PHP Warning:  include(): Failed opening 'inc/dbConnection.php' for inclusion (include_path='.:/usr/share/php:/usr/share/pear') in /home/ubuntu/workspace/Mart9712/final_project/inc/editRoute.php on line 2
[08-Dec-2017 07:25:45 UTC] PHP Stack trace:
[08-Dec-2017 07:25:45 UTC] PHP   1. {main}() /home/ubuntu/workspace/Mart9712/final_project/inc/editRoute.php:0
[08-Dec-2017 07:25:45 UTC] PHP Fatal error:  Call to undefined function getDatabaseConnection() in /home/ubuntu/workspace/Mart9712/final_project/inc/editRoute.php on line 3
[08-Dec-2017 07:25:45 UTC] PHP Stack trace:
[08-Dec-2017 07:25:45 UTC] PHP   1. {main}() /home/ubuntu/workspace/Mart9712/final_project/inc/editRoute.php:0
[08-Dec-2017 07:26:44 UTC] PHP Warning:  include(/inc/dbConnection.php): failed to open stream: No such file or directory in /home/ubuntu/workspace/Mart9712/final_project/inc/editRoute.php on line 2
[08-Dec-2017 07:26:44 UTC] PHP Stack trace:
[08-Dec-2017 07:26:44 UTC] PHP   1. {main}() /home/ubuntu/workspace/Mart9712/final_project/inc/editRoute.php:0
[08-Dec-2017 07:26:44 UTC] PHP Warning:  include(): Failed opening '/inc/dbConnection.php' for inclusion (include_path='.:/usr/share/php:/usr/share/pear') in /home/ubuntu/workspace/Mart9712/final_project/inc/editRoute.php on line 2
[08-Dec-2017 07:26:44 UTC] PHP Stack trace:
[08-Dec-2017 07:26:44 UTC] PHP   1. {main}() /home/ubuntu/workspace/Mart9712/final_project/inc/editRoute.php:0
[08-Dec-2017 07:26:44 UTC] PHP Fatal error:  Call to undefined function getDatabaseConnection() in /home/ubuntu/workspace/Mart9712/final_project/inc/editRoute.php on line 3
[08-Dec-2017 07:26:44 UTC] PHP Stack trace:
[08-Dec-2017 07:26:44 UTC] PHP   1. {main}() /home/ubuntu/workspace/Mart9712/final_project/inc/editRoute.php:0
[08-Dec-2017 07:33:25 UTC] PHP Warning:  Illegal string offset 'id' in /home/ubuntu/workspace/Mart9712/final_project/inc/editRoute.php on line 19
[08-Dec-2017 07:33:25 UTC] PHP Stack trace:
[08-Dec-2017 07:33:25 UTC] PHP   1. {main}() /home/ubuntu/workspace/Mart9712/final_project/inc/editRoute.php:0
[08-Dec-2017 07:33:25 UTC] PHP Warning:  Illegal string offset 'id' in /home/ubuntu/workspace/Mart9712/final_project/inc/editRoute.php on line 19
[08-Dec-2017 07:33:25 UTC] PHP Stack trace:
[08-Dec-2017 07:33:25 UTC] PHP   1. {main}() /home/ubuntu/workspace/Mart9712/final_project/inc/editRoute.php:0
[08-Dec-2017 07:33:25 UTC] PHP Warning:  Illegal string offset 'id' in /home/ubuntu/workspace/Mart9712/final_project/inc/editRoute.php on line 19
[08-Dec-2017 07:33:25 UTC] PHP Stack trace:
[08-Dec-2017 07:33:25 UTC] PHP   1. {main}() /home/ubuntu/workspace/Mart9712/final_project/inc/editRoute.php:0
[08-Dec-2017 07:34:05 UTC] PHP Warning:  Illegal string offset 'id' in /home/ubuntu/workspace/Mart9712/final_project/inc/editRoute.php on line 19
[08-Dec-2017 07:34:05 UTC] PHP Stack trace:
[08-Dec-2017 07:34:05 UTC] PHP   1. {main}() /home/ubuntu/workspace/Mart9712/final_project/inc/editRoute.php:0
[08-Dec-2017 07:34:05 UTC] PHP Warning:  Illegal string offset 'id' in /home/ubuntu/workspace/Mart9712/final_project/inc/editRoute.php on line 19
[08-Dec-2017 07:34:05 UTC] PHP Stack trace:
[08-Dec-2017 07:34:05 UTC] PHP   1. {main}() /home/ubuntu/workspace/Mart9712/final_project/inc/editRoute.php:0
[08-Dec-2017 07:34:05 UTC] PHP Warning:  Illegal string offset 'id' in /home/ubuntu/workspace/Mart9712/final_project/inc/editRoute.php on line 19
[08-Dec-2017 07:34:05 UTC] PHP Stack trace:
[08-Dec-2017 07:34:05 UTC] PHP   1. {main}() /home/ubuntu/workspace/Mart9712/final_project/inc/editRoute.php:0
[08-Dec-2017 09:35:03 UTC] PHP Fatal error:  Uncaught exception 'PDOException' with message 'SQLSTATE[42000]: Syntax error or access violation: 1064 You have an error in your SQL syntax; check the manual that corresponds to your MySQL server version for the right syntax to use near '' at line 2' in /home/ubuntu/workspace/Mart9712/final_project/inc/deleteSupp.php:8
Stack trace:
#0 /home/ubuntu/workspace/Mart9712/final_project/inc/deleteSupp.php(8): PDOStatement->execute()
#1 {main}
  thrown in /home/ubuntu/workspace/Mart9712/final_project/inc/deleteSupp.php on line 8
[08-Dec-2017 09:35:48 UTC] PHP Fatal error:  Uncaught exception 'PDOException' with message 'SQLSTATE[42000]: Syntax error or access violation: 1064 You have an error in your SQL syntax; check the manual that corresponds to your MySQL server version for the right syntax to use near '' at line 2' in /home/ubuntu/workspace/Mart9712/final_project/inc/deleteSupp.php:8
Stack trace:
#0 /home/ubuntu/workspace/Mart9712/final_project/inc/deleteSupp.php(8): PDOStatement->execute()
#1 {main}
  thrown in /home/ubuntu/workspace/Mart9712/final_project/inc/deleteSupp.php on line 8
[08-Dec-2017 09:35:50 UTC] PHP Fatal error:  Uncaught exception 'PDOException' with message 'SQLSTATE[42000]: Syntax error or access violation: 1064 You have an error in your SQL syntax; check the manual that corresponds to your MySQL server version for the right syntax to use near '' at line 2' in /home/ubuntu/workspace/Mart9712/final_project/inc/deleteSupp.php:8
Stack trace:
#0 /home/ubuntu/workspace/Mart9712/final_project/inc/deleteSupp.php(8): PDOStatement->execute()
#1 {main}
  thrown in /home/ubuntu/workspace/Mart9712/final_project/inc/deleteSupp.php on line 8
[08-Dec-2017 09:36:02 UTC] PHP Fatal error:  Uncaught exception 'PDOException' with message 'SQLSTATE[42000]: Syntax error or access violation: 1064 You have an error in your SQL syntax; check the manual that corresponds to your MySQL server version for the right syntax to use near '' at line 2' in /home/ubuntu/workspace/Mart9712/final_project/inc/deleteSupp.php:8
Stack trace:
#0 /home/ubuntu/workspace/Mart9712/final_project/inc/deleteSupp.php(8): PDOStatement->execute()
#1 {main}
  thrown in /home/ubuntu/workspace/Mart9712/final_project/inc/deleteSupp.php on line 8
[08-Dec-2017 09:36:06 UTC] PHP Fatal error:  Uncaught exception 'PDOException' with message 'SQLSTATE[42000]: Syntax error or access violation: 1064 You have an error in your SQL syntax; check the manual that corresponds to your MySQL server version for the right syntax to use near '' at line 2' in /home/ubuntu/workspace/Mart9712/final_project/inc/deleteSupp.php:8
Stack trace:
#0 /home/ubuntu/workspace/Mart9712/final_project/inc/deleteSupp.php(8): PDOStatement->execute()
#1 {main}
  thrown in /home/ubuntu/workspace/Mart9712/final_project/inc/deleteSupp.php on line 8
[08-Dec-2017 09:36:28 UTC] PHP Fatal error:  Uncaught exception 'PDOException' with message 'SQLSTATE[42S02]: Base table or view not found: 1146 Table 'paintings.tc_user' doesn't exist' in /home/ubuntu/workspace/Mart9712/final_project/inc/deleteSupp.php:8
Stack trace:
#0 /home/ubuntu/workspace/Mart9712/final_project/inc/deleteSupp.php(8): PDOStatement->execute()
#1 {main}
  thrown in /home/ubuntu/workspace/Mart9712/final_project/inc/deleteSupp.php on line 8
[08-Dec-2017 09:36:48 UTC] PHP Fatal error:  Uncaught exception 'PDOException' with message 'SQLSTATE[42S02]: Base table or view not found: 1146 Table 'paintings.tc_supplier' doesn't exist' in /home/ubuntu/workspace/Mart9712/final_project/inc/deleteSupp.php:8
Stack trace:
#0 /home/ubuntu/workspace/Mart9712/final_project/inc/deleteSupp.php(8): PDOStatement->execute()
#1 {main}
  thrown in /home/ubuntu/workspace/Mart9712/final_project/inc/deleteSupp.php on line 8
[08-Dec-2017 09:36:53 UTC] PHP Fatal error:  Uncaught exception 'PDOException' with message 'SQLSTATE[42S02]: Base table or view not found: 1146 Table 'paintings.pt_supplier' doesn't exist' in /home/ubuntu/workspace/Mart9712/final_project/inc/deleteSupp.php:8
Stack trace:
#0 /home/ubuntu/workspace/Mart9712/final_project/inc/deleteSupp.php(8): PDOStatement->execute()
#1 {main}
  thrown in /home/ubuntu/workspace/Mart9712/final_project/inc/deleteSupp.php on line 8
